OMPL version 
Experiment obstacle avoidance
0 experiment properties
Running on lorenzo-VirtualBox
Starting at 2022-02-13 12:50:12
<<<|
Properties of the state space 'SE2CompoundSpace0'
  - signature: 6 4 3 1 2 2 1 
  - dimension: 3
  - extent: 10.0561
  - sanity checks for state space passed
  - probability of valid states: 0.517
  - average length of a valid motion: 1.24219
  - average number of samples drawn per second: sampleUniform()=7.84837e+06 sampleUniformNear()=9.10904e+06 sampleGaussian()=3.99348e+06
Settings for the state space 'SE2CompoundSpace0'
  - state validity check resolution: 1%
  - valid segment count factor: 1
  - state space:
Compound state space 'SE2CompoundSpace0' of dimension 3 (locked) [
Real vector state space 'RealVectorSpace1' of dimension 2 with bounds: 
  - min: -3 -3 
  - max: 3 3 
 of weight 1
SO2 state space 'SO2Space2'
 of weight 0.5
]
Registered projections:
  - <default>
Projection of dimension 2
Cell sizes (computed defaults): [0.3 0.3]

Declared parameters:
longest_valid_segment_fraction = 0.01
projection.cellsize.0 = 0.3
projection.cellsize.1 = 0.3
projection.cellsize_factor = 0
valid_segment_count_factor = 1
Valid state sampler named uniform with parameters:
nr_attempts = 100
Planner InformedRRTstar specs:
Multithreaded:                 No
Reports approximate solutions: Yes
Can optimize solutions:        Yes
Aware of the following parameters: delay_collision_checking goal_bias number_sampling_attempts ordered_sampling ordering_batch_size prune_threshold range rewire_factor use_k_nearest
Declared parameters for planner InformedRRTstar:
delay_collision_checking = 1
goal_bias = 0.05
number_sampling_attempts = 100
ordered_sampling = 0
ordering_batch_size = 1
prune_threshold = 0.05
range = 0
rewire_factor = 1.1
use_k_nearest = 1
Start states:
Compound state [
RealVectorState [-2 0]
SO2State [0]
]
Goal state, threshold = 0.2, memory address = 0x5557a9849a80, state = 
Compound state [
RealVectorState [2 0]
SO2State [-3.14159]
]
Optimization Objective: Path Length @0x5557a984f5d0
Optimization Threshold: 100
Average state cost: 0
There are 0 solutions

Properties of benchmarked planners:
Planner RRT specs:
Multithreaded:                 No
Reports approximate solutions: Yes
Can optimize solutions:        No
Aware of the following parameters: goal_bias intermediate_states range
Planner RRTstar specs:
Multithreaded:                 No
Reports approximate solutions: Yes
Can optimize solutions:        Yes
Aware of the following parameters: delay_collision_checking focus_search goal_bias informed_sampling new_state_rejection number_sampling_attempts ordered_sampling ordering_batch_size prune_threshold pruned_measure range rewire_factor sample_rejection tree_pruning use_admissible_heuristic use_k_nearest
Planner InformedRRTstar specs:
Multithreaded:                 No
Reports approximate solutions: Yes
Can optimize solutions:        Yes
Aware of the following parameters: delay_collision_checking goal_bias number_sampling_attempts ordered_sampling ordering_batch_size prune_threshold range rewire_factor use_k_nearest
|>>>
<<<|
Architecture:                    x86_64
CPU op-mode(s):                  32-bit, 64-bit
Byte Order:                      Little Endian
Address sizes:                   39 bits physical, 48 bits virtual
CPU(s):                          1
On-line CPU(s) list:             0
Thread(s) per core:              1
Core(s) per socket:              1
Socket(s):                       1
NUMA node(s):                    1
Vendor ID:                       GenuineIntel
CPU family:                      6
Model:                           142
Model name:                      Intel(R) Core(TM) i7-8565U CPU @ 1.80GHz
Stepping:                        12
CPU MHz:                         1992.001
BogoMIPS:                        3984.00
Hypervisor vendor:               KVM
Virtualization type:             full
L1d cache:                       32 KiB
L1i cache:                       32 KiB
L2 cache:                        256 KiB
L3 cache:                        8 MiB
NUMA node0 CPU(s):               0
Vulnerability Itlb multihit:     KVM: Mitigation: VMX unsupported
Vulnerability L1tf:              Not affected
Vulnerability Mds:               Not affected
Vulnerability Meltdown:          Not affected
Vulnerability Spec store bypass: Vulnerable
Vulnerability Spectre v1:        Mitigation; usercopy/swapgs barriers and __user pointer sanitization
Vulnerability Spectre v2:        Mitigation; Full generic retpoline, STIBP disabled, RSB filling
Vulnerability Srbds:             Mitigation; TSX disabled
Vulnerability Tsx async abort:   Not affected
Flags:                           fpu vme de pse tsc msr pae mce cx8 apic sep mtrr pge mca cmov pat pse36 clflush mmx fxsr sse sse2 ht syscall nx rdtscp lm constant_tsc rep_good nopl xtopology nonstop_tsc cpuid tsc_known_freq pni pclmulqdq monitor ssse3 cx16 pcid sse4_1 sse4_2 x2apic movbe popcnt aes xsave avx rdrand hypervisor lahf_lm abm 3dnowprefetch invpcid_single fsgsbase avx2 invpcid rdseed clflushopt md_clear flush_l1d arch_capabilities
|>>>
10868125049452166 is the random seed
30 seconds per run
10000 MB per run
100 runs per planner
44.2633 seconds spent to collect the data
1 enum type
status|Unknown status|Invalid start|Invalid goal|Unrecognized goal type|Timeout|Approximate solution|Exact solution|Crash|Unknown status
3 planners
geometric_RRT
8 common properties
goal_bias = 0.05
intermediate_states = 0
longest_valid_segment_fraction = 0.01
projection.cellsize.0 = 0.3
projection.cellsize.1 = 0.3
projection.cellsize_factor = 0
range = 2.01122
valid_segment_count_factor = 1
22 properties for each run
approximate solution BOOLEAN
correct solution BOOLEAN
correct solution strict BOOLEAN
graph motions INTEGER
graph states INTEGER
memory REAL
simplification time REAL
simplified correct solution BOOLEAN
simplified correct solution strict BOOLEAN
simplified solution clearance REAL
simplified solution length REAL
simplified solution segments INTEGER
simplified solution smoothness REAL
solution clearance REAL
solution difference REAL
solution length REAL
solution segments INTEGER
solution smoothness REAL
solved BOOLEAN
status ENUM
time REAL
valid segment fraction REAL
100 runs
0; 1; 1; 891; 892; 10.25; 0.00188134; 1; 1; 0.227013; 17.9451; 14; 8.14604; 0.320497; 0; 22.9025; 24; 88.4379; 1; 6; 0.0321304; 0.232576; 
0; 1; 1; 376; 377; 10.6172; 0.00200018; 1; 1; 0.142515; 19.7954; 13; 3.07951; 0.323501; 0; 31.8408; 24; 44.7842; 1; 6; 0.00842676; 0.237975; 
0; 1; 1; 2500; 2501; 10.6172; 0.00182965; 1; 1; 0.145242; 16.0686; 15; 11.8856; 0.311682; 0; 23.3212; 24; 136.171; 1; 6; 0.0472518; 0.243807; 
0; 1; 1; 1395; 1396; 11.4648; 0.00175444; 1; 1; 0.1638; 18.0427; 16; 8.59633; 0.337833; 0; 29.3936; 28; 198.889; 1; 6; 0.0433192; 0.252672; 
0; 1; 1; 775; 776; 11.4648; 0.00413838; 1; 1; 0.128371; 16.8308; 18; 9.47769; 0.310757; 0; 23.9059; 23; 25.7163; 1; 6; 0.0119708; 0.248159; 
0; 1; 1; 2543; 2544; 11.0156; 0.00115026; 1; 1; 0.200432; 17.5896; 11; 41.7325; 0.290471; 0; 22.4598; 19; 43.2764; 1; 6; 0.0450037; 0.245582; 
0; 1; 1; 2098; 2099; 11.5273; 0.00140934; 1; 1; 0.11724; 15.334; 16; 16.1605; 0.289732; 0; 25.2989; 23; 124.922; 1; 6; 0.036797; 0.244039; 
0; 1; 1; 539; 540; 11.5273; 0.00137976; 1; 1; 0.149555; 17.6078; 12; 3.84822; 0.321141; 0; 23.8567; 19; 39.2937; 1; 6; 0.00734865; 0.253886; 
0; 1; 1; 1211; 1212; 11.5273; 0.00203167; 1; 1; 0.184425; 18.638; 18; 34.6608; 0.319332; 0; 31.0952; 26; 61.833; 1; 6; 0.019102; 0.245838; 
0; 1; 1; 1296; 1297; 11.5273; 0.00175893; 1; 1; 0.124403; 16.2892; 17; 15.4808; 0.327173; 0; 26.8917; 25; 27.8542; 1; 6; 0.0200435; 0.261924; 
0; 1; 1; 3499; 3500; 11.5273; 0.00199471; 1; 1; 0.168259; 19.1165; 13; 4.8837; 0.372347; 0; 27.5096; 25; 47.0513; 1; 6; 0.0684504; 0.247699; 
0; 1; 1; 1538; 1539; 12.1562; 0.00201442; 1; 1; 0.127246; 19.9106; 15; 7.02412; 0.337658; 0; 26.2107; 26; 37.7125; 1; 6; 0.0232415; 0.256077; 
0; 1; 1; 1745; 1746; 12.1562; 0.00236893; 1; 1; 0.193013; 20.4366; 19; 19.2311; 0.29242; 0; 28.2479; 26; 26.5368; 1; 6; 0.0248797; 0.262999; 
0; 1; 1; 1066; 1067; 12.1562; 0.00208173; 1; 1; 0.17525; 18.0705; 18; 12.7422; 0.272517; 0; 24.238; 22; 112.926; 1; 6; 0.0160765; 0.243936; 
0; 1; 1; 1399; 1400; 12.1562; 0.00195712; 1; 1; 0.132906; 17.6905; 15; 7.26021; 0.333531; 0; 22.9647; 18; 42.2499; 1; 6; 0.0236016; 0.242419; 
0; 1; 1; 2285; 2286; 12.1562; 0.00199627; 1; 1; 0.107461; 18.0307; 19; 17.2109; 0.443497; 0; 26.5718; 22; 22.4123; 1; 6; 0.0434976; 0.244699; 
0; 1; 1; 1887; 1888; 12.1562; 0.00261242; 1; 1; 0.209006; 20.0849; 17; 11.3478; 0.410777; 0; 29.5078; 25; 32.1781; 1; 6; 0.0311432; 0.245033; 
0; 1; 1; 1583; 1584; 12.1562; 0.00165059; 1; 1; 0.195075; 17.5293; 14; 7.66252; 0.290841; 0; 21.6647; 22; 39.5716; 1; 6; 0.0259192; 0.255776; 
0; 1; 1; 961; 962; 12.1562; 0.00219423; 1; 1; 0.151269; 18.542; 17; 12.0182; 0.351579; 0; 25.9674; 19; 20.1619; 1; 6; 0.0150493; 0.263071; 
0; 1; 1; 1638; 1639; 12.1562; 0.00190098; 1; 1; 0.174143; 19.3646; 10; 2.92919; 0.315764; 0; 30.0527; 28; 91.4217; 1; 6; 0.0268681; 0.253208; 
0; 1; 1; 1040; 1041; 12.1562; 0.00252015; 1; 1; 0.115665; 19.1109; 18; 14.38; 0.354223; 0; 28.4715; 27; 135.025; 1; 6; 0.0194763; 0.240518; 
0; 1; 1; 1512; 1513; 12.1562; 0.00189138; 1; 1; 0.23108; 21.3272; 13; 7.09291; 0.293256; 0; 26.5599; 20; 18.4262; 1; 6; 0.0244459; 0.250083; 
0; 1; 1; 815; 816; 12.1562; 0.00246814; 1; 1; 0.160016; 20.142; 15; 5.79755; 0.376309; 0; 29.7808; 27; 46.7444; 1; 6; 0.011885; 0.24757; 
0; 1; 1; 1038; 1039; 12.1562; 0.00199217; 1; 1; 0.131222; 18.1503; 16; 19.6538; 0.287417; 0; 28.8426; 28; 61.9925; 1; 6; 0.015635; 0.250604; 
0; 1; 1; 1743; 1744; 12.1562; 0.00199389; 1; 1; 0.168888; 19.2809; 20; 34.5211; 0.376671; 0; 24.2262; 25; 48.1528; 1; 6; 0.0267535; 0.258031; 
0; 1; 1; 2687; 2688; 12.1562; 0.00195067; 1; 1; 0.148375; 17.6692; 17; 8.09524; 0.309633; 0; 25.0251; 24; 121.076; 1; 6; 0.052906; 0.245972; 
0; 1; 1; 732; 733; 12.1562; 0.00275332; 1; 1; 0.180339; 22.465; 15; 6.11881; 0.32271; 0; 24.7183; 18; 11.745; 1; 6; 0.0122922; 0.240948; 
0; 1; 1; 1564; 1565; 12.1562; 0.00204566; 1; 1; 0.126624; 18.2996; 16; 12.1214; 0.275871; 0; 25.2652; 22; 67.9419; 1; 6; 0.0263932; 0.249084; 
0; 1; 1; 1227; 1228; 12.1562; 0.00266695; 1; 1; 0.206516; 21.5256; 17; 7.32197; 0.304127; 0; 30.0766; 24; 17.1538; 1; 6; 0.0194702; 0.274067; 
0; 1; 1; 753; 754; 12.1562; 0.00199436; 1; 1; 0.137556; 20.1428; 19; 15.4201; 0.361957; 0; 30.2115; 28; 53.4597; 1; 6; 0.0107374; 0.245998; 
0; 1; 1; 2706; 2707; 12.1562; 0.00215971; 1; 1; 0.140483; 18.2519; 21; 24.8402; 0.33148; 0; 27.7311; 23; 38.2619; 1; 6; 0.0505623; 0.243433; 
0; 1; 1; 1305; 1306; 12.1562; 0.00163913; 1; 1; 0.18194; 18.6546; 14; 5.93297; 0.26342; 0; 24.3426; 19; 75.6303; 1; 6; 0.0196415; 0.245439; 
0; 1; 1; 1387; 1388; 12.1562; 0.00189569; 1; 1; 0.161139; 19.7585; 15; 9.72313; 0.312269; 0; 29.7213; 29; 96.9435; 1; 6; 0.0234039; 0.258287; 
0; 1; 1; 2531; 2532; 12.1562; 0.00147582; 1; 1; 0.144089; 16.7034; 13; 7.05143; 0.294815; 0; 22.6897; 22; 66.5876; 1; 6; 0.0480892; 0.240429; 
0; 1; 1; 1647; 1648; 12.1562; 0.00240426; 1; 1; 0.166454; 19.664; 13; 6.30403; 0.339107; 0; 33.1627; 30; 84.4801; 1; 6; 0.0280688; 0.245894; 
0; 1; 1; 971; 972; 12.1562; 0.002184; 1; 1; 0.136413; 16.8005; 19; 16.057; 0.37609; 0; 29.5601; 27; 49.3342; 1; 6; 0.0140092; 0.251424; 
0; 1; 1; 1563; 1564; 12.1562; 0.00241602; 1; 1; 0.179495; 16.948; 17; 14.1445; 0.339117; 0; 29.9023; 25; 37.8822; 1; 6; 0.0257996; 0.254188; 
0; 1; 1; 663; 664; 12.1562; 0.0014878; 1; 1; 0.192416; 18.3692; 14; 11.8237; 0.335954; 0; 25.7313; 20; 16.7285; 1; 6; 0.0097721; 0.236701; 
0; 1; 1; 1099; 1100; 12.1562; 0.00175957; 1; 1; 0.199448; 21.1737; 17; 18.4857; 0.320016; 0; 30.788; 27; 37.238; 1; 6; 0.0190902; 0.258224; 
0; 1; 1; 4350; 4351; 12.1562; 0.00150371; 1; 1; 0.167255; 17.2445; 17; 14.5836; 0.338079; 0; 27.6942; 28; 116.984; 1; 6; 0.0916732; 0.254982; 
0; 1; 1; 605; 606; 12.7383; 0.00141295; 1; 1; 0.137773; 16.1798; 12; 9.73233; 0.38627; 0; 24.5204; 21; 28.5591; 1; 6; 0.00916789; 0.237162; 
0; 1; 1; 2962; 2963; 12.7383; 0.00436451; 1; 1; 0.198828; 16.1538; 12; 10.8638; 0.355747; 0; 22.8039; 24; 113.577; 1; 6; 0.0566727; 0.23332; 
0; 1; 1; 758; 759; 12.7383; 0.00192274; 1; 1; 0.166136; 18.5524; 16; 13.9383; 0.319979; 0; 30.8463; 29; 58.9722; 1; 6; 0.011678; 0.253681; 
0; 1; 1; 1458; 1459; 12.7383; 0.00250986; 1; 1; 0.164418; 16.5446; 17; 11.4831; 0.335168; 0; 30.2439; 30; 146.37; 1; 6; 0.0248864; 0.247161; 
0; 1; 1; 1709; 1710; 12.7383; 0.00211831; 1; 1; 0.15378; 17.5001; 16; 14.4938; 0.307658; 0; 23.6135; 20; 27.652; 1; 6; 0.0306848; 0.24317; 
0; 1; 1; 1032; 1033; 12.7383; 0.00253988; 1; 1; 0.189568; 21.5; 14; 6.75826; 0.36384; 0; 30.9876; 27; 48.5101; 1; 6; 0.0157297; 0.229691; 
0; 1; 1; 595; 596; 12.7383; 0.00147339; 1; 1; 0.170673; 17.7629; 11; 8.39599; 0.384581; 0; 25.6416; 22; 60.541; 1; 6; 0.00797243; 0.24979; 
0; 1; 1; 1092; 1093; 12.7383; 0.00174905; 1; 1; 0.175627; 17.7955; 14; 8.64256; 0.353514; 0; 26.9194; 24; 47.125; 1; 6; 0.0167684; 0.240847; 
0; 1; 1; 1259; 1260; 12.7383; 0.00225757; 1; 1; 0.160931; 18.9737; 20; 11.9659; 0.363823; 0; 26.7277; 23; 32.4998; 1; 6; 0.0200836; 0.255583; 
0; 1; 1; 1628; 1629; 12.7383; 0.00172161; 1; 1; 0.162812; 18.0996; 16; 6.47892; 0.337929; 0; 23.025; 21; 72.7563; 1; 6; 0.0312863; 0.247567; 
0; 1; 1; 2362; 2363; 12.7383; 0.00216246; 1; 1; 0.150435; 20.0708; 16; 12.749; 0.320736; 0; 32.493; 31; 82.5354; 1; 6; 0.0474497; 0.242779; 
0; 1; 1; 1816; 1817; 12.7383; 0.00222483; 1; 1; 0.198461; 19.2203; 15; 8.49001; 0.316416; 0; 24.7498; 22; 45.6623; 1; 6; 0.0377428; 0.238039; 
0; 1; 1; 1848; 1849; 12.7383; 0.00315305; 1; 1; 0.145849; 19.0797; 13; 4.57368; 0.281323; 0; 29.0994; 28; 41.8497; 1; 6; 0.0371355; 0.239689; 
0; 1; 1; 1764; 1765; 12.7383; 0.00171321; 1; 1; 0.153562; 17.1318; 16; 7.81033; 0.253816; 0; 23.5688; 27; 154.797; 1; 6; 0.0345653; 0.255763; 
0; 1; 1; 2298; 2299; 12.7383; 0.00298543; 1; 1; 0.152745; 19.2765; 18; 13.1744; 0.263378; 0; 30.865; 33; 155.088; 1; 6; 0.0464302; 0.243175; 
0; 1; 1; 888; 889; 12.7383; 0.00182949; 1; 1; 0.162031; 17.3911; 14; 7.37799; 0.398149; 0; 24.7901; 19; 54.8271; 1; 6; 0.0146819; 0.24052; 
0; 1; 1; 2212; 2213; 12.7383; 0.0020792; 1; 1; 0.214748; 18.154; 14; 8.24893; 0.302722; 0; 26.4018; 25; 77.4271; 1; 6; 0.0420765; 0.256821; 
0; 1; 1; 1140; 1141; 12.7383; 0.00183197; 1; 1; 0.144089; 17.6669; 15; 8.75656; 0.393452; 0; 29.0285; 29; 46.7144; 1; 6; 0.0217931; 0.257919; 
0; 1; 1; 2522; 2523; 12.7383; 0.0029863; 1; 1; 0.157797; 19.3059; 14; 8.7319; 0.306549; 0; 33.3148; 30; 58.9575; 1; 6; 0.0512626; 0.250099; 
0; 1; 1; 2445; 2446; 12.7383; 0.00252505; 1; 1; 0.14254; 19.3031; 16; 14.6999; 0.382303; 0; 31.5852; 28; 82.1074; 1; 6; 0.0507922; 0.246298; 
0; 1; 1; 1351; 1352; 12.7383; 0.00224498; 1; 1; 0.155383; 17.3767; 14; 6.69659; 0.300108; 0; 23.9429; 20; 28.4292; 1; 6; 0.0236816; 0.306002; 
0; 1; 1; 2657; 2658; 12.7383; 0.00171962; 1; 1; 0.162603; 19.6405; 14; 4.52442; 0.385486; 0; 30.2512; 22; 22.3102; 1; 6; 0.0583351; 0.250802; 
0; 1; 1; 882; 883; 12.7383; 0.00217676; 1; 1; 0.203418; 17.3218; 15; 15.9015; 0.339566; 0; 24.1146; 19; 30.8163; 1; 6; 0.0165613; 0.255061; 
0; 1; 1; 1798; 1799; 12.7383; 0.00221923; 1; 1; 0.190708; 19.3385; 13; 8.25606; 0.326285; 0; 26.0457; 22; 22.9209; 1; 6; 0.0421442; 0.234298; 
0; 1; 1; 1291; 1292; 12.7383; 0.00141188; 1; 1; 0.139212; 17.3091; 14; 8.92641; 0.387505; 0; 26.0769; 24; 67.3671; 1; 6; 0.0264964; 0.237229; 
0; 1; 1; 238; 239; 12.7383; 0.00177719; 1; 1; 0.118385; 17.266; 16; 12.2838; 0.296221; 0; 25.3353; 16; 12.7686; 1; 6; 0.00477421; 0.239437; 
0; 1; 1; 591; 592; 12.7383; 0.00276094; 1; 1; 0.164007; 18.8374; 12; 6.69887; 0.277157; 0; 26.1632; 21; 23.9039; 1; 6; 0.00894775; 0.274119; 
0; 1; 1; 2033; 2034; 12.7383; 0.0016096; 1; 1; 0.111133; 16.6195; 13; 14.9439; 0.333987; 0; 26.3215; 28; 84.516; 1; 6; 0.0412609; 0.252766; 
0; 1; 1; 1186; 1187; 12.7383; 0.00197344; 1; 1; 0.229084; 19.9011; 15; 6.34995; 0.330425; 0; 32.1074; 28; 38.7814; 1; 6; 0.0189395; 0.25369; 
0; 1; 1; 1670; 1671; 12.7383; 0.00172803; 1; 1; 0.171821; 17.5665; 14; 8.0543; 0.354752; 0; 26.5637; 23; 37.4324; 1; 6; 0.0318583; 0.240357; 
0; 1; 1; 522; 523; 12.7383; 0.00183788; 1; 1; 0.212626; 19.2378; 13; 8.28804; 0.354641; 0; 24.6802; 21; 36.7071; 1; 6; 0.00948642; 0.26783; 
0; 1; 1; 1499; 1500; 12.7383; 0.00315731; 1; 1; 0.166405; 17.1506; 17; 14.9517; 0.28915; 0; 25.8047; 27; 84.224; 1; 6; 0.0297609; 0.254283; 
0; 1; 1; 1405; 1406; 12.7383; 0.00160794; 1; 1; 0.131388; 15.3002; 15; 10.7901; 0.31693; 0; 20.8036; 19; 60.8375; 1; 6; 0.0306599; 0.258272; 
0; 1; 1; 1795; 1796; 12.7383; 0.00208552; 1; 1; 0.145146; 20.0324; 14; 5.08692; 0.296974; 0; 24.1851; 20; 48.3263; 1; 6; 0.0363952; 0.247552; 
0; 1; 1; 483; 484; 12.7383; 0.00223406; 1; 1; 0.168858; 20.4363; 14; 7.08091; 0.370373; 0; 27.3292; 22; 19.1008; 1; 6; 0.00775216; 0.232547; 
0; 1; 1; 1012; 1013; 12.7383; 0.00137111; 1; 1; 0.196517; 16.7992; 12; 5.66654; 0.304968; 0; 23.4281; 22; 65.5789; 1; 6; 0.0158034; 0.240209; 
0; 1; 1; 2277; 2278; 12.7383; 0.00133489; 1; 1; 0.172129; 15.9699; 11; 7.33817; 0.383389; 0; 27.9498; 26; 74.927; 1; 6; 0.0406308; 0.245129; 
0; 1; 1; 1471; 1472; 12.7383; 0.00185273; 1; 1; 0.158468; 18.8951; 13; 6.98409; 0.332913; 0; 26.7551; 23; 110.057; 1; 6; 0.0274388; 0.241623; 
0; 1; 1; 3247; 3248; 12.7383; 0.00185175; 1; 1; 0.168537; 16.9286; 15; 8.453; 0.339117; 0; 30.119; 33; 129.346; 1; 6; 0.0725887; 0.241502; 
0; 1; 1; 645; 646; 12.7383; 0.00222724; 1; 1; 0.139735; 17.7017; 17; 9.53575; 0.269671; 0; 25.8453; 23; 40.6323; 1; 6; 0.00952568; 0.258724; 
0; 1; 1; 3430; 3431; 12.7383; 0.00200503; 1; 1; 0.134145; 18.1836; 18; 26.5336; 0.407631; 0; 28.1165; 26; 48.2966; 1; 6; 0.0644162; 0.245949; 
0; 1; 1; 3063; 3064; 12.7383; 0.00164503; 1; 1; 0.165039; 17.8408; 14; 9.47125; 0.32927; 0; 27.4598; 30; 106.283; 1; 6; 0.0582233; 0.244044; 
0; 1; 1; 1944; 1945; 12.7383; 0.00172286; 1; 1; 0.164561; 20.1583; 12; 5.01499; 0.389635; 0; 27.6338; 24; 38.8839; 1; 6; 0.0319087; 0.241761; 
0; 1; 1; 1030; 1031; 12.7383; 0.00179716; 1; 1; 0.197451; 19.1042; 14; 6.56675; 0.359755; 0; 29.3138; 28; 128.3; 1; 6; 0.0156604; 0.248732; 
0; 1; 1; 1603; 1604; 12.7383; 0.0018701; 1; 1; 0.101917; 17.5185; 17; 13.3765; 0.269614; 0; 27.9319; 27; 82.19; 1; 6; 0.0263629; 0.256809; 
0; 1; 1; 3542; 3543; 12.7383; 0.0018669; 1; 1; 0.133862; 17.6839; 14; 7.07767; 0.384923; 0; 33.5701; 32; 88.9728; 1; 6; 0.069965; 0.251491; 
0; 1; 1; 1899; 1900; 12.7383; 0.00158047; 1; 1; 0.149043; 20.0599; 14; 4.92004; 0.295487; 0; 33.0356; 34; 120.997; 1; 6; 0.0328478; 0.243711; 
0; 1; 1; 697; 698; 12.7383; 0.00163227; 1; 1; 0.191136; 18.6034; 12; 5.58941; 0.305602; 0; 27.4967; 25; 96.5842; 1; 6; 0.0102224; 0.229578; 
0; 1; 1; 1360; 1361; 12.7383; 0.00177311; 1; 1; 0.130454; 17.9185; 12; 7.36418; 0.336717; 0; 27.4604; 25; 45.8841; 1; 6; 0.0220623; 0.241778; 
0; 1; 1; 1443; 1444; 12.7383; 0.00185224; 1; 1; 0.159104; 18.5343; 14; 5.98591; 0.31522; 0; 28.6423; 29; 70.9224; 1; 6; 0.0254954; 0.25; 
0; 1; 1; 742; 743; 12.7383; 0.00168515; 1; 1; 0.204811; 18.5204; 11; 5.59299; 0.350796; 0; 29.0451; 24; 29.7982; 1; 6; 0.0123461; 0.243358; 
0; 1; 1; 756; 757; 12.7383; 0.00207543; 1; 1; 0.124068; 16.0995; 17; 9.40664; 0.340823; 0; 22.7798; 17; 17.0304; 1; 6; 0.0111513; 0.243792; 
0; 1; 1; 782; 783; 12.7383; 0.00193144; 1; 1; 0.166454; 19.1544; 17; 10.4679; 0.358832; 0; 26.4331; 25; 28.5704; 1; 6; 0.0124141; 0.248412; 
0; 1; 1; 337; 338; 12.7383; 0.00147508; 1; 1; 0.183432; 17.5265; 14; 8.03184; 0.369255; 0; 26.321; 21; 13.4823; 1; 6; 0.00600165; 0.276683; 
0; 1; 1; 2371; 2372; 12.7383; 0.00179627; 1; 1; 0.1106; 17.661; 15; 17.6404; 0.279089; 0; 25.4578; 27; 88.4798; 1; 6; 0.0416221; 0.243629; 
0; 1; 1; 1718; 1719; 12.7383; 0.00197869; 1; 1; 0.204098; 19.3657; 13; 8.22828; 0.322627; 0; 27.0557; 25; 160.008; 1; 6; 0.0305941; 0.251906; 
0; 1; 1; 1190; 1191; 12.7383; 0.00191673; 1; 1; 0.199514; 18.1625; 13; 10.129; 0.298802; 0; 25.6879; 25; 59.6727; 1; 6; 0.0195514; 0.237857; 
0; 1; 1; 1517; 1518; 12.7383; 0.00411572; 1; 1; 0.185949; 17.8617; 18; 14.2492; 0.332225; 0; 28.8811; 27; 85.3261; 1; 6; 0.0249205; 0.242526; 
0; 1; 1; 1120; 1121; 12.7383; 0.00209552; 1; 1; 0.170122; 18.4191; 21; 16.743; 0.298679; 0; 23.2945; 19; 37.8769; 1; 6; 0.017018; 0.247897; 
0; 1; 1; 1335; 1336; 12.7383; 0.00160855; 1; 1; 0.190887; 16.9225; 15; 10.7534; 0.368494; 0; 27.983; 25; 40.6874; 1; 6; 0.0217244; 0.245675; 
.
geometric_RRTstar
21 common properties
delay_collision_checking = 1
focus_search = 0
goal_bias = 0.05
informed_sampling = 0
longest_valid_segment_fraction = 0.01
new_state_rejection = 0
number_sampling_attempts = 100
ordered_sampling = 0
ordering_batch_size = 1
projection.cellsize.0 = 0.3
projection.cellsize.1 = 0.3
projection.cellsize_factor = 0
prune_threshold = 0.05
pruned_measure = 0
range = 2.01122
rewire_factor = 1.1
sample_rejection = 0
tree_pruning = 0
use_admissible_heuristic = 1
use_k_nearest = 1
valid_segment_count_factor = 1
24 properties for each run
approximate solution BOOLEAN
best cost REAL
correct solution BOOLEAN
correct solution strict BOOLEAN
graph motions INTEGER
graph states INTEGER
iterations INTEGER
memory REAL
simplification time REAL
simplified correct solution BOOLEAN
simplified correct solution strict BOOLEAN
simplified solution clearance REAL
simplified solution length REAL
simplified solution segments INTEGER
simplified solution smoothness REAL
solution clearance REAL
solution difference REAL
solution length REAL
solution segments INTEGER
solution smoothness REAL
solved BOOLEAN
status ENUM
time REAL
valid segment fraction REAL
100 runs
0; 16.553926; 1; 1; 933; 934; 3681; 12.7461; 0.000955998; 1; 1; 0.154465; 15.0109; 13; 6.97777; 0.271613; 0; 16.5539; 14; 7.87611; 1; 6; 0.086914; 0.180629; 
0; 17.000168; 1; 1; 1177; 1178; 4824; 12.7578; 0.00171339; 1; 1; 0.149871; 14.714; 18; 17.8941; 0.233753; 0; 17.0002; 13; 10.6214; 1; 6; 0.126159; 0.182542; 
0; 16.025443; 1; 1; 1823; 1824; 7179; 12.7617; 0.001287; 1; 1; 0.120011; 14.5144; 16; 10.1757; 0.225911; 0; 16.0254; 14; 8.56129; 1; 6; 0.233285; 0.131754; 
0; 21.042390; 1; 1; 976; 977; 4014; 12.7617; 0.00190906; 1; 1; 0.12905; 17.0246; 17; 7.98038; 0.248107; 0; 21.0424; 17; 6.94775; 1; 6; 0.0988464; 0.179749; 
0; 17.593072; 1; 1; 1322; 1323; 5380; 12.7617; 0.0014104; 1; 1; 0.134976; 15.7065; 16; 11.9838; 0.196938; 0; 17.5931; 18; 39.4396; 1; 6; 0.148356; 0.156711; 
0; 17.332092; 1; 1; 855; 856; 3428; 12.7617; 0.00159904; 1; 1; 0.159062; 16.8947; 18; 14.1855; 0.1731; 0; 17.3321; 15; 10.5797; 1; 6; 0.0820945; 0.196827; 
0; 19.044533; 1; 1; 439; 440; 1855; 12.7617; 0.00116415; 1; 1; 0.133038; 14.7873; 14; 10.278; 0.321374; 0; 19.0445; 14; 8.89063; 1; 6; 0.0296477; 0.275317; 
0; 18.974875; 1; 1; 619; 620; 2636; 12.7617; 0.00131452; 1; 1; 0.151921; 17.5869; 21; 26.3611; 0.21633; 0; 18.9749; 15; 13.4705; 1; 6; 0.0507044; 0.236161; 
0; 13.973978; 1; 1; 2423; 2424; 9337; 12.7617; 0.00178105; 1; 1; 0.10305; 12.5536; 19; 25.3493; 0.152816; 0; 13.974; 14; 14.4464; 1; 6; 0.338373; 0.128126; 
0; 18.921985; 1; 1; 2609; 2610; 10756; 12.7617; 0.00180572; 1; 1; 0.112225; 16.6579; 16; 7.94518; 0.243558; 0; 18.922; 16; 6.05147; 1; 6; 0.38541; 0.104146; 
0; 19.530880; 1; 1; 1307; 1308; 5473; 12.7617; 0.00126265; 1; 1; 0.0883755; 16.5794; 18; 8.38887; 0.214581; 0; 19.5309; 18; 11.5148; 1; 6; 0.143428; 0.158024; 
0; 16.777719; 1; 1; 1372; 1373; 5455; 12.7617; 0.000813313; 1; 1; 0.138204; 15.6634; 14; 9.66546; 0.186033; 0; 16.7777; 14; 11.5401; 1; 6; 0.194061; 0.160388; 
0; 16.696421; 1; 1; 1555; 1556; 6243; 12.7617; 0.00167166; 1; 1; 0.156704; 14.117; 19; 59.6956; 0.225288; 0; 16.6964; 13; 16.5151; 1; 6; 0.431091; 0.169015; 
0; 14.772750; 1; 1; 1618; 1619; 6658; 12.7656; 0.00105673; 1; 1; 0.130588; 12.5336; 13; 12.0761; 0.189357; 0; 14.7728; 12; 18.7512; 1; 6; 0.196267; 0.14103; 
0; 17.234996; 1; 1; 880; 881; 3652; 12.7656; 0.000964612; 1; 1; 0.135717; 15.198; 14; 12.4859; 0.274277; 0; 17.235; 15; 11.5851; 1; 6; 0.0809717; 0.179959; 
0; 16.619654; 1; 1; 1155; 1156; 4257; 12.7656; 0.0012699; 1; 1; 0.187975; 15.2762; 17; 15.1905; 0.261755; 0; 16.6197; 15; 11.6137; 1; 6; 0.122718; 0.184102; 
0; 16.523810; 1; 1; 974; 975; 3871; 12.7656; 0.00087583; 1; 1; 0.181827; 15.1862; 12; 6.4252; 0.244424; 0; 16.5238; 14; 12.0433; 1; 6; 0.0940719; 0.207714; 
0; 15.309780; 1; 1; 1180; 1181; 4900; 12.7656; 0.00158493; 1; 1; 0.0932349; 13.1173; 18; 107.829; 0.194141; 0; 15.3098; 13; 16.9592; 1; 6; 0.127179; 0.184713; 
0; 16.852424; 1; 1; 1522; 1523; 6052; 12.7656; 0.00120485; 1; 1; 0.118977; 15.1694; 16; 10.4144; 0.186535; 0; 16.8524; 14; 9.39795; 1; 6; 0.179111; 0.15457; 
0; 17.003154; 1; 1; 1515; 1516; 6101; 12.7656; 0.00105657; 1; 1; 0.120255; 16.473; 14; 8.85221; 0.1919; 0; 17.0032; 13; 6.92163; 1; 6; 0.17491; 0.146783; 
0; 16.972004; 1; 1; 2603; 2604; 10761; 12.7656; 0.00550286; 1; 1; 0.12163; 14.9684; 17; 18.831; 0.252098; 0; 16.972; 14; 9.08719; 1; 6; 0.858764; 0.0993769; 
0; 16.253973; 1; 1; 531; 532; 1537; 12.7695; 0.00162947; 1; 1; 0.129609; 15.5365; 15; 10.922; 0.153891; 0; 16.254; 13; 7.28611; 1; 6; 0.153417; 0.320455; 
0; 17.637210; 1; 1; 1909; 1910; 7776; 12.7695; 0.00143023; 1; 1; 0.101306; 15.4955; 16; 10.7795; 0.195335; 0; 17.6372; 17; 12.3024; 1; 6; 0.487441; 0.115962; 
0; 14.850675; 1; 1; 1242; 1243; 5323; 12.7734; 0.00134511; 1; 1; 0.12138; 13.727; 19; 48.6459; 0.163162; 0; 14.8507; 13; 19.1469; 1; 6; 0.196917; 0.168289; 
0; 17.048776; 1; 1; 1006; 1007; 4073; 12.7734; 0.00209391; 1; 1; 0.144311; 14.7781; 21; 19.1309; 0.199395; 0; 17.0488; 14; 8.0513; 1; 6; 0.109391; 0.206856; 
0; 15.803902; 1; 1; 1486; 1487; 6155; 12.7734; 0.00174227; 1; 1; 0.12614; 13.7621; 19; 45.5135; 0.175841; 0; 15.8039; 15; 24.2007; 1; 6; 0.182123; 0.17161; 
0; 16.145547; 1; 1; 1485; 1486; 6026; 12.7734; 0.00153175; 1; 1; 0.142148; 15.0489; 15; 10.8761; 0.216703; 0; 16.1455; 13; 8.46928; 1; 6; 0.177414; 0.143697; 
0; 16.296675; 1; 1; 1060; 1061; 4427; 12.7734; 0.00106744; 1; 1; 0.139049; 14.5217; 16; 10.9597; 0.250872; 0; 16.2967; 14; 9.35847; 1; 6; 0.121077; 0.199632; 
0; 17.540046; 1; 1; 1284; 1285; 5598; 12.7734; 0.00139142; 1; 1; 0.175741; 15.5785; 19; 22.25; 0.219759; 0; 17.54; 15; 12.7111; 1; 6; 0.142899; 0.1614; 
0; 16.475826; 1; 1; 1251; 1252; 5225; 12.7734; 0.00139247; 1; 1; 0.167115; 15.1181; 14; 12.2606; 0.227149; 0; 16.4758; 14; 9.98442; 1; 6; 0.149147; 0.164495; 
0; 14.300226; 1; 1; 926; 927; 3576; 12.7734; 0.000805935; 1; 1; 0.133431; 13.1108; 16; 16.3517; 0.164623; 0; 14.3002; 13; 19.2019; 1; 6; 0.109608; 0.221144; 
0; 15.888966; 1; 1; 2402; 2403; 9216; 12.7734; 0.00102128; 1; 1; 0.139743; 14.1413; 16; 14.1702; 0.204547; 0; 15.889; 12; 9.10236; 1; 6; 0.397931; 0.120446; 
0; 15.441478; 1; 1; 612; 613; 2146; 12.7734; 0.00172306; 1; 1; 0.127005; 14.7158; 21; 27.6792; 0.136256; 0; 15.4415; 14; 12.2608; 1; 6; 0.0500385; 0.292318; 
0; 14.215756; 1; 1; 2468; 2469; 9668; 12.7734; 0.000738333; 1; 1; 0.107759; 12.8768; 15; 32.5284; 0.188655; 0; 14.2158; 11; 12.9416; 1; 6; 0.354796; 0.112804; 
0; 17.505705; 1; 1; 768; 769; 2951; 12.7734; 0.00761822; 1; 1; 0.142592; 16.5094; 19; 14.5354; 0.196634; 0; 17.5057; 12; 5.74687; 1; 6; 0.0679907; 0.237733; 
0; 16.949930; 1; 1; 923; 924; 3788; 12.7734; 0.00115666; 1; 1; 0.11196; 14.7309; 15; 11.1712; 0.250594; 0; 16.9499; 14; 10.1265; 1; 6; 0.0950906; 0.203988; 
0; 14.839111; 1; 1; 2240; 2241; 8675; 12.7734; 0.000938861; 1; 1; 0.108788; 14.1172; 13; 37.7854; 0.16832; 0; 14.8391; 11; 7.33719; 1; 6; 0.316345; 0.130695; 
0; 15.675526; 1; 1; 1257; 1258; 4750; 12.7734; 0.00117871; 1; 1; 0.128277; 14.4849; 15; 14.1073; 0.227655; 0; 15.6755; 12; 6.97507; 1; 6; 0.142387; 0.175183; 
0; 16.426681; 1; 1; 967; 968; 3721; 12.7734; 0.000881637; 1; 1; 0.176712; 14.8312; 13; 7.58077; 0.219295; 0; 16.4267; 13; 9.74358; 1; 6; 0.098538; 0.196851; 
0; 18.044845; 1; 1; 2043; 2044; 8411; 12.7734; 0.00133315; 1; 1; 0.17782; 14.4459; 18; 13.038; 0.286672; 0; 18.0448; 13; 7.63068; 1; 6; 0.270905; 0.130612; 
0; 16.062277; 1; 1; 1013; 1014; 3986; 12.7734; 0.00079413; 1; 1; 0.14285; 14.748; 14; 11.635; 0.197489; 0; 16.0623; 13; 9.80919; 1; 6; 0.0990816; 0.194441; 
0; 18.582987; 1; 1; 786; 787; 2931; 12.7734; 0.00130106; 1; 1; 0.13642; 16.9495; 14; 7.0915; 0.232559; 0; 18.583; 15; 9.40582; 1; 6; 0.0695501; 0.216792; 
0; 14.584363; 1; 1; 2321; 2322; 9573; 12.7734; 0.00160975; 1; 1; 0.138676; 13.3266; 17; 18.0159; 0.245207; 0; 14.5844; 13; 15.2148; 1; 6; 0.341279; 0.120644; 
0; 15.184677; 1; 1; 1462; 1463; 6152; 12.7734; 0.000954109; 1; 1; 0.118357; 13.4112; 10; 6.48916; 0.275107; 0; 15.1847; 13; 11.4505; 1; 6; 0.370023; 0.172904; 
0; 17.396133; 1; 1; 977; 978; 4089; 12.7734; 0.00122073; 1; 1; 0.196488; 15.4619; 18; 20.6902; 0.273698; 0; 17.3961; 13; 9.0665; 1; 6; 0.247018; 0.189531; 
0; 16.116214; 1; 1; 2067; 2068; 8425; 12.7734; 0.00149744; 1; 1; 0.111788; 14.0749; 15; 9.83938; 0.245695; 0; 16.1162; 13; 12.0913; 1; 6; 0.814375; 0.121936; 
0; 17.378921; 1; 1; 2583; 2584; 10699; 12.7734; 0.00193428; 1; 1; 0.0963002; 15.0301; 15; 19.4015; 0.238079; 0; 17.3789; 17; 24.5723; 1; 6; 0.890311; 0.108616; 
0; 15.213010; 1; 1; 1699; 1700; 6809; 12.7773; 0.00845503; 1; 1; 0.14905; 13.5514; 16; 16.8557; 0.201234; 0; 15.213; 13; 11.6112; 1; 6; 0.405703; 0.143469; 
0; 16.947247; 1; 1; 2011; 2012; 8125; 12.7773; 0.00100942; 1; 1; 0.105928; 16.3888; 14; 7.38745; 0.182147; 0; 16.9472; 13; 6.66107; 1; 6; 0.434794; 0.125975; 
0; 16.129248; 1; 1; 1955; 1956; 7467; 12.7773; 0.000849788; 1; 1; 0.146868; 15.4305; 15; 12.0429; 0.21008; 0; 16.1292; 14; 8.68332; 1; 6; 0.314733; 0.129506; 
0; 14.906769; 1; 1; 1499; 1500; 5752; 12.7773; 0.00142084; 1; 1; 0.122194; 12.9572; 15; 19.5611; 0.178358; 0; 14.9068; 13; 14.6406; 1; 6; 0.195209; 0.156529; 
0; 14.645148; 1; 1; 1771; 1772; 6812; 12.7773; 0.00146352; 1; 1; 0.112252; 13.367; 17; 24.5425; 0.202071; 0; 14.6451; 13; 8.8156; 1; 6; 0.260875; 0.138204; 
0; 18.796098; 1; 1; 1476; 1477; 6210; 12.7773; 0.00175259; 1; 1; 0.1064; 16.1655; 16; 10.0422; 0.224011; 0; 18.7961; 16; 11.7958; 1; 6; 0.184603; 0.152921; 
0; 16.145130; 1; 1; 2177; 2178; 8969; 12.7773; 0.00179819; 1; 1; 0.120584; 14.166; 20; 21.5121; 0.230195; 0; 16.1451; 15; 13.5705; 1; 6; 0.316151; 0.110641; 
0; 17.452724; 1; 1; 781; 782; 3542; 13.0859; 0.00091898; 1; 1; 0.154674; 14.6752; 19; 27.7496; 0.251362; 0; 17.4527; 14; 13.3609; 1; 6; 0.0761519; 0.218683; 
0; 16.237943; 1; 1; 929; 930; 3718; 13.0859; 0.00122513; 1; 1; 0.134886; 13.6818; 18; 17.164; 0.20832; 0; 16.2379; 13; 7.95775; 1; 6; 0.090064; 0.222544; 
0; 18.072457; 1; 1; 576; 577; 2306; 13.0859; 0.00145362; 1; 1; 0.144913; 15.4338; 15; 12.3527; 0.310611; 0; 18.0725; 12; 7.99252; 1; 6; 0.0509503; 0.207882; 
0; 19.985032; 1; 1; 430; 431; 1697; 13.0859; 0.00155409; 1; 1; 0.187092; 17.9366; 15; 7.20225; 0.297682; 0; 19.985; 17; 11.8178; 1; 6; 0.0314927; 0.256005; 
0; 16.236415; 1; 1; 558; 559; 1682; 13.0859; 0.0014023; 1; 1; 0.150429; 15.0643; 17; 11.632; 0.236466; 0; 16.2364; 12; 6.72798; 1; 6; 0.0451364; 0.350923; 
0; 19.224347; 1; 1; 518; 519; 2165; 13.0859; 0.00229677; 1; 1; 0.0874144; 16.7599; 15; 10.7457; 0.195798; 0; 19.2243; 16; 11.2237; 1; 6; 0.0421576; 0.230493; 
0; 15.263271; 1; 1; 1199; 1200; 4366; 13.0859; 0.0012775; 1; 1; 0.100355; 13.9794; 15; 67.087; 0.209911; 0; 15.2633; 14; 8.94664; 1; 6; 0.137568; 0.209719; 
0; 15.946683; 1; 1; 2153; 2154; 8548; 13.0859; 0.001122; 1; 1; 0.144939; 14.757; 16; 13.9315; 0.167296; 0; 15.9467; 15; 11.6223; 1; 6; 0.299885; 0.138422; 
0; 14.761936; 1; 1; 1713; 1714; 7281; 13.0859; 0.00141848; 1; 1; 0.102139; 13.1428; 14; 13.2431; 0.205143; 0; 14.7619; 12; 9.35556; 1; 6; 0.213982; 0.130636; 
0; 14.742638; 1; 1; 2122; 2123; 8478; 13.0859; 0.00109775; 1; 1; 0.124579; 13.5021; 13; 21.4302; 0.196009; 0; 14.7426; 15; 15.9122; 1; 6; 0.31169; 0.117785; 
0; 14.003550; 1; 1; 1243; 1244; 4793; 13.0859; 0.00118878; 1; 1; 0.111715; 13.2127; 18; 27.2041; 0.194192; 0; 14.0035; 14; 17.8293; 1; 6; 0.13649; 0.178235; 
0; 17.548739; 1; 1; 1427; 1428; 5963; 13.0859; 0.00123964; 1; 1; 0.146563; 15.2246; 15; 8.14502; 0.226763; 0; 17.5487; 14; 9.99902; 1; 6; 0.169667; 0.146421; 
0; 17.962313; 1; 1; 965; 966; 3849; 13.0859; 0.00141263; 1; 1; 0.125372; 15.1701; 14; 9.69105; 0.288726; 0; 17.9623; 14; 9.17921; 1; 6; 0.0935012; 0.195182; 
0; 20.705684; 1; 1; 893; 894; 3555; 13.0859; 0.00175253; 1; 1; 0.150829; 14.5216; 18; 23.7798; 0.267005; 0; 20.7057; 16; 12.5834; 1; 6; 0.0834055; 0.200515; 
0; 14.823902; 1; 1; 932; 933; 3679; 13.0859; 0.000982723; 1; 1; 0.108013; 12.8153; 15; 29.6599; 0.198718; 0; 14.8239; 14; 13.7739; 1; 6; 0.0921034; 0.223139; 
0; 15.970496; 1; 1; 1443; 1444; 5546; 13.0859; 0.00201279; 1; 1; 0.143567; 14.4679; 19; 23.4721; 0.217633; 0; 15.9705; 12; 7.4342; 1; 6; 0.17855; 0.154047; 
0; 14.254944; 1; 1; 2523; 2524; 10447; 13.0859; 0.00095654; 1; 1; 0.103955; 13.2993; 17; 44.2635; 0.185517; 0; 14.2549; 15; 21.9441; 1; 6; 0.367264; 0.115206; 
0; 15.267910; 1; 1; 1443; 1444; 5923; 13.0859; 0.00140303; 1; 1; 0.116147; 13.0924; 20; 59.0839; 0.220297; 0; 15.2679; 12; 13.0387; 1; 6; 0.175755; 0.148901; 
0; 17.564747; 1; 1; 1057; 1058; 4229; 13.0859; 0.000911878; 1; 1; 0.134627; 15.9389; 16; 15.5096; 0.205431; 0; 17.5647; 15; 9.96139; 1; 6; 0.112518; 0.1788; 
0; 14.921200; 1; 1; 1700; 1701; 6868; 13.0859; 0.00192525; 1; 1; 0.117098; 14.2203; 20; 16.6085; 0.201188; 0; 14.9212; 13; 8.49034; 1; 6; 0.206915; 0.144413; 
0; 16.909792; 1; 1; 1784; 1785; 7439; 13.0859; 0.00154818; 1; 1; 0.125489; 14.998; 15; 19.0103; 0.251134; 0; 16.9098; 14; 12.522; 1; 6; 0.277149; 0.152439; 
0; 16.002793; 1; 1; 1711; 1712; 7108; 13.0859; 0.00120884; 1; 1; 0.132959; 14.5849; 19; 19.8549; 0.257152; 0; 16.0028; 13; 9.06076; 1; 6; 0.231773; 0.146163; 
0; 17.817259; 1; 1; 334; 335; 1251; 13.0859; 0.00134553; 1; 1; 0.175793; 15.0101; 21; 21.506; 0.26453; 0; 17.8173; 14; 10.2753; 1; 6; 0.0242781; 0.318247; 
0; 18.663083; 1; 1; 1950; 1951; 8089; 13.0859; 0.00149783; 1; 1; 0.174405; 16.9447; 16; 8.26311; 0.291884; 0; 18.6631; 13; 6.61387; 1; 6; 0.289201; 0.12368; 
0; 14.657011; 1; 1; 2980; 2981; 11579; 13.0859; 0.000905991; 1; 1; 0.126799; 13.7797; 16; 22.2098; 0.188477; 0; 14.657; 15; 15.3285; 1; 6; 0.841454; 0.115404; 
0; 13.501340; 1; 1; 2228; 2229; 9063; 13.3438; 0.000839094; 1; 1; 0.124444; 12.9763; 13; 9.05901; 0.169431; 0; 13.5013; 11; 7.25435; 1; 6; 0.468407; 0.115755; 
0; 19.664378; 1; 1; 878; 879; 3729; 13.3438; 0.00188451; 1; 1; 0.127519; 17.875; 15; 8.61685; 0.241361; 0; 19.6644; 16; 7.7757; 1; 6; 0.10054; 0.19631; 
0; 16.100535; 1; 1; 1382; 1383; 5381; 13.3438; 0.00133505; 1; 1; 0.159808; 14.8278; 15; 23.759; 0.258899; 0; 16.1005; 12; 10.2393; 1; 6; 0.17844; 0.168045; 
0; 20.484534; 1; 1; 1099; 1100; 4608; 13.3438; 0.00141615; 1; 1; 0.131268; 16.61; 17; 9.34927; 0.259679; 0; 20.4845; 16; 9.22664; 1; 6; 0.115898; 0.171339; 
0; 16.109358; 1; 1; 916; 917; 3576; 13.3438; 0.0016318; 1; 1; 0.136224; 14.3825; 16; 12.4122; 0.223161; 0; 16.1094; 14; 13.901; 1; 6; 0.0879859; 0.195074; 
0; 18.451156; 1; 1; 2993; 2994; 12232; 13.3438; 0.00362194; 1; 1; 0.0856158; 16.676; 17; 14.7261; 0.211508; 0; 18.4512; 15; 17.819; 1; 6; 0.458629; 0.104634; 
0; 14.495138; 1; 1; 1492; 1493; 5881; 13.3438; 0.0014189; 1; 1; 0.0911916; 13.368; 19; 30.8272; 0.196531; 0; 14.4951; 13; 10.6647; 1; 6; 0.176491; 0.15887; 
0; 17.386382; 1; 1; 990; 991; 3923; 13.3438; 0.00114366; 1; 1; 0.125338; 16.2964; 17; 15.2778; 0.24902; 0; 17.3864; 13; 7.24216; 1; 6; 0.100496; 0.197987; 
0; 22.951054; 1; 1; 779; 780; 3525; 13.3438; 0.00228609; 1; 1; 0.128159; 18.2901; 22; 22.5856; 0.196081; 0; 22.9511; 17; 11.1172; 1; 6; 0.0748464; 0.209561; 
0; 16.232230; 1; 1; 2212; 2213; 8982; 13.3438; 0.000954; 1; 1; 0.11547; 15.1207; 14; 9.15606; 0.204386; 0; 16.2322; 13; 7.14343; 1; 6; 0.302021; 0.123356; 
0; 17.503147; 1; 1; 1799; 1800; 7619; 13.3438; 0.00143195; 1; 1; 0.113105; 16.2115; 14; 7.3579; 0.196776; 0; 17.5031; 14; 7.7783; 1; 6; 0.226295; 0.12868; 
0; 13.663172; 1; 1; 3256; 3257; 12828; 13.3438; 0.00166164; 1; 1; 0.0836817; 13.7654; 20; 69.2372; 0.144404; 0; 13.6632; 14; 23.3403; 1; 6; 0.5042; 0.110243; 
0; 15.427019; 1; 1; 1520; 1521; 6029; 13.6016; 0.00172573; 1; 1; 0.103194; 14.1965; 16; 17.816; 0.159609; 0; 15.427; 12; 11.1361; 1; 6; 0.180246; 0.152276; 
0; 15.123718; 1; 1; 1132; 1133; 4646; 13.6016; 0.00143038; 1; 1; 0.126851; 13.4885; 16; 18.8794; 0.196385; 0; 15.1237; 15; 19.6803; 1; 6; 0.12454; 0.197655; 
0; 17.783560; 1; 1; 686; 687; 2696; 13.6016; 0.000900081; 1; 1; 0.123043; 17.3086; 13; 6.90169; 0.222857; 0; 17.7836; 14; 9.40915; 1; 6; 0.0636663; 0.228219; 
0; 15.808308; 1; 1; 1162; 1163; 4665; 13.6016; 0.00112258; 1; 1; 0.102581; 13.3473; 15; 17.3684; 0.200511; 0; 15.8083; 12; 12.0073; 1; 6; 0.127906; 0.195551; 
0; 17.287284; 1; 1; 433; 434; 1737; 13.6016; 0.00130514; 1; 1; 0.145604; 14.8707; 22; 35.0685; 0.253964; 0; 17.2873; 12; 8.08753; 1; 6; 0.0300561; 0.236983; 
0; 17.568179; 1; 1; 1541; 1542; 6202; 13.6016; 0.000823699; 1; 1; 0.201582; 17.4293; 18; 9.20189; 0.256741; 0; 17.5682; 16; 9.90896; 1; 6; 0.186059; 0.160364; 
0; 20.443440; 1; 1; 767; 768; 3232; 13.6016; 0.00150241; 1; 1; 0.133612; 16.4636; 14; 11.71; 0.250751; 0; 20.4434; 17; 12.9674; 1; 6; 0.0720959; 0.221699; 
0; 16.200488; 1; 1; 1431; 1432; 5991; 13.6016; 0.00074902; 1; 1; 0.156562; 15.1294; 16; 10.0979; 0.212257; 0; 16.2005; 16; 11.6827; 1; 6; 0.163454; 0.168816; 
0; 16.190909; 1; 1; 1412; 1413; 5558; 13.6016; 0.00108657; 1; 1; 0.118236; 14.3524; 18; 18.799; 0.218363; 0; 16.1909; 15; 13.557; 1; 6; 0.162805; 0.164564; 
3 progress properties for each run
best cost REAL
iterations INTEGER
time REAL
100 runs
inf,2844,0.0501934,;
inf,2856,0.0509023,;inf,4367,0.101666,;
inf,2838,0.050337,;inf,4405,0.101089,;inf,5802,0.151856,;inf,6860,0.20268,;
inf,2793,0.0507459,;
inf,2736,0.0507522,;inf,4343,0.101574,;
inf,2816,0.050875,;


inf,2670,0.0502858,;inf,4221,0.100808,;inf,5560,0.150958,;inf,6852,0.201705,;inf,8002,0.252597,;inf,8946,0.303442,;
inf,2731,0.0504992,;inf,4353,0.101174,;inf,5678,0.151889,;inf,6818,0.202644,;inf,8024,0.253386,;inf,9290,0.304221,;inf,10254,0.354989,;
inf,2901,0.0509728,;inf,4562,0.101732,;
inf,2844,0.0503118,;inf,4400,0.100792,;inf,5219,0.152196,;
inf,1350,0.0509277,;inf,1934,0.101887,;inf,2568,0.151999,;inf,3063,0.202648,;inf,3520,0.253426,;inf,4175,0.303692,;inf,4781,0.353902,;inf,6089,0.404394,;
inf,2900,0.0504268,;inf,4486,0.101201,;inf,5956,0.151929,;
inf,2958,0.0507197,;
inf,2631,0.0508092,;inf,4029,0.101563,;
inf,2873,0.0506848,;
inf,2845,0.050779,;inf,4399,0.10151,;
inf,2925,0.0507955,;inf,4566,0.101584,;inf,5780,0.151847,;
inf,2764,0.0507044,;inf,4416,0.101454,;inf,5792,0.151888,;
inf,2754,0.0500205,;inf,4434,0.100699,;inf,5955,0.151043,;inf,7217,0.201862,;inf,7933,0.25264,;inf,8246,0.3034,;inf,8513,0.353987,;inf,8770,0.404961,;inf,9014,0.455905,;inf,9238,0.505986,;inf,9474,0.556953,;inf,9641,0.607086,;inf,9924,0.657385,;inf,10127,0.707788,;inf,10341,0.758062,;inf,10538,0.808445,;
inf,951,0.0506292,;inf,1294,0.101396,;
inf,1314,0.0508366,;inf,1853,0.101564,;inf,2431,0.151758,;inf,3140,0.202101,;inf,3804,0.253636,;inf,4608,0.304526,;inf,5572,0.3552,;inf,6516,0.405611,;inf,7410,0.45603,;
inf,2794,0.0502211,;inf,3691,0.100291,;inf,4877,0.150517,;
inf,2673,0.0505533,;inf,4012,0.101122,;
inf,2704,0.0506487,;inf,4338,0.101167,;inf,5659,0.152056,;
inf,2640,0.0509974,;inf,4211,0.101925,;inf,5640,0.152375,;
inf,2501,0.0503021,;inf,4088,0.101167,;
inf,3015,0.0502744,;inf,4649,0.100636,;
inf,2789,0.0505451,;inf,4348,0.101492,;
inf,2426,0.0505474,;inf,3517,0.101401,;
inf,2428,0.0500371,;inf,3817,0.10018,;inf,5082,0.150595,;inf,6176,0.200966,;inf,7264,0.251455,;inf,8202,0.302134,;inf,8860,0.352773,;

inf,2652,0.0507827,;inf,4183,0.101606,;inf,5526,0.152095,;inf,6755,0.202834,;inf,7830,0.253704,;inf,8902,0.304591,;
inf,2730,0.0507516,;
inf,2664,0.0502673,;
inf,2570,0.0507373,;inf,4151,0.10079,;inf,5575,0.151459,;inf,6660,0.202343,;inf,7847,0.253105,;inf,8594,0.303808,;
inf,2664,0.0503729,;inf,4175,0.100642,;
inf,2683,0.0502641,;
inf,2814,0.0500462,;inf,4447,0.100902,;inf,5796,0.151058,;inf,7023,0.201874,;inf,8184,0.252174,;
inf,2769,0.0507466,;
inf,2671,0.0507508,;
inf,2612,0.0508596,;inf,4235,0.101618,;inf,5763,0.15236,;inf,7007,0.203113,;inf,8291,0.253445,;inf,9294,0.303503,;
inf,1354,0.0504924,;inf,2176,0.100857,;inf,2743,0.151124,;inf,3409,0.201505,;inf,4683,0.252436,;inf,5942,0.302532,;inf,6145,0.353279,;
inf,1426,0.0508804,;inf,2514,0.101642,;inf,3201,0.152189,;inf,3879,0.202625,;
inf,1591,0.0508875,;inf,2236,0.102306,;inf,2716,0.153204,;inf,3321,0.203585,;inf,3974,0.253694,;inf,4459,0.304059,;inf,4907,0.354401,;inf,5351,0.404705,;inf,5772,0.4549,;inf,6087,0.505123,;inf,6719,0.556116,;inf,7068,0.606406,;inf,7478,0.656808,;inf,7838,0.707338,;inf,8108,0.757541,;
inf,1710,0.0500826,;inf,2364,0.100481,;inf,3122,0.15139,;inf,3771,0.201456,;inf,4350,0.25208,;inf,4802,0.30233,;inf,5305,0.352454,;inf,5661,0.402614,;inf,6086,0.453109,;inf,6544,0.503535,;inf,7006,0.553986,;inf,7461,0.604731,;inf,7967,0.655546,;inf,8387,0.706251,;inf,9114,0.756415,;inf,9696,0.807505,;inf,10422,0.85819,;
inf,1714,0.0500666,;inf,2676,0.100196,;inf,3582,0.151148,;inf,4408,0.201349,;inf,5091,0.252265,;inf,5801,0.302986,;inf,6432,0.353663,;
inf,1989,0.0502831,;inf,3048,0.101185,;inf,3897,0.151312,;inf,4656,0.201428,;inf,5347,0.251737,;inf,6006,0.302743,;inf,6763,0.352801,;inf,7827,0.403146,;
inf,2418,0.0503952,;inf,3740,0.104787,;inf,4575,0.154978,;inf,5691,0.205416,;inf,6682,0.255728,;inf,7427,0.30621,;
inf,2404,0.0500408,;inf,3903,0.100959,;inf,5058,0.151596,;
inf,2337,0.0503626,;inf,3755,0.101082,;inf,4916,0.15165,;inf,6077,0.201976,;inf,6780,0.252449,;
inf,2895,0.0508489,;inf,4462,0.101695,;inf,5733,0.151901,;
inf,2746,0.0500809,;inf,4358,0.100412,;inf,5723,0.151352,;inf,6892,0.201805,;inf,7873,0.252189,;inf,8875,0.302975,;
inf,2817,0.0503903,;
inf,2857,0.0507627,;




inf,2825,0.0501567,;inf,3912,0.100282,;
inf,2816,0.0503583,;inf,4303,0.100859,;inf,5575,0.150951,;inf,6798,0.201289,;inf,7897,0.251705,;
inf,3117,0.0509177,;inf,4636,0.101694,;inf,5967,0.152627,;inf,7159,0.202666,;
inf,2731,0.0507372,;inf,4348,0.100937,;inf,5626,0.151721,;inf,6768,0.20179,;inf,7889,0.252219,;inf,8443,0.302655,;
inf,2675,0.0502272,;inf,4367,0.100776,;
inf,2941,0.0506509,;inf,4480,0.100931,;inf,5789,0.151649,;
inf,2865,0.0502306,;
inf,2863,0.0508621,;
inf,2700,0.0507398,;
inf,2441,0.0502701,;inf,3928,0.101088,;inf,5273,0.151829,;
inf,2737,0.0501495,;inf,4130,0.100297,;inf,5574,0.151052,;inf,6788,0.201987,;inf,7991,0.252833,;inf,9182,0.303607,;inf,10278,0.354323,;
inf,2726,0.0506616,;inf,4243,0.101378,;inf,5514,0.152132,;
inf,2717,0.050811,;inf,4083,0.101509,;
inf,2857,0.0508254,;inf,4505,0.101613,;inf,5929,0.152333,;14.921200,6868,0.202472,;
inf,2521,0.0504837,;inf,3813,0.100535,;inf,5026,0.151144,;inf,5999,0.20129,;inf,7060,0.251766,;
inf,3023,0.0504165,;inf,4560,0.100569,;inf,5825,0.151102,;inf,6789,0.201231,;

inf,2663,0.0505584,;inf,4159,0.101207,;inf,5448,0.151805,;inf,6574,0.202323,;inf,7534,0.252759,;
inf,2030,0.0501337,;inf,3168,0.100272,;inf,4136,0.150425,;inf,4850,0.200742,;inf,5681,0.251247,;inf,6479,0.301627,;inf,7208,0.352372,;inf,7975,0.403324,;inf,8588,0.453673,;inf,9307,0.50457,;inf,9887,0.555135,;inf,10293,0.605351,;inf,10617,0.655511,;inf,11063,0.705694,;inf,11220,0.756545,;inf,11463,0.806774,;
inf,1366,0.0502094,;inf,2220,0.101038,;inf,2927,0.15199,;inf,3840,0.202582,;inf,5111,0.253251,;inf,6217,0.3036,;inf,7169,0.354132,;inf,8135,0.404454,;inf,8998,0.455078,;
inf,2589,0.0508346,;
inf,2411,0.0500824,;inf,3794,0.100459,;inf,5062,0.150619,;
inf,2806,0.0501026,;inf,4363,0.10082,;
inf,2814,0.0506291,;
inf,2822,0.0502274,;inf,4450,0.10098,;inf,5934,0.151727,;inf,7165,0.202478,;inf,8285,0.253228,;inf,9365,0.304024,;inf,10466,0.354346,;inf,11534,0.405128,;
inf,2667,0.0500685,;inf,4271,0.103331,;inf,5561,0.153489,;
inf,2934,0.0508019,;
inf,2867,0.0501638,;
inf,2923,0.0507096,;inf,4436,0.101462,;inf,5775,0.152307,;inf,7067,0.203086,;inf,8291,0.253874,;
inf,3002,0.0506801,;inf,4587,0.10145,;inf,5987,0.15218,;inf,7253,0.202918,;
inf,2687,0.050438,;inf,4221,0.101187,;inf,5667,0.151322,;inf,6807,0.202271,;inf,7902,0.253033,;inf,9122,0.303863,;inf,10259,0.354148,;inf,11488,0.404472,;inf,12375,0.455223,;
inf,2792,0.050117,;inf,4275,0.101077,;inf,5564,0.151829,;
inf,2700,0.0508123,;inf,4194,0.101097,;
inf,2539,0.0502591,;
inf,2674,0.0503277,;inf,4229,0.101071,;

inf,2678,0.0507232,;inf,4399,0.1012,;inf,5776,0.151975,;
inf,2751,0.0506413,;
inf,2859,0.0509318,;inf,4562,0.101714,;inf,5875,0.152468,;
inf,2637,0.0507897,;inf,4284,0.101544,;inf,5440,0.152294,;
.
geometric_InformedRRTstar
14 common properties
delay_collision_checking = 1
goal_bias = 0.05
longest_valid_segment_fraction = 0.01
number_sampling_attempts = 100
ordered_sampling = 0
ordering_batch_size = 1
projection.cellsize.0 = 0.3
projection.cellsize.1 = 0.3
projection.cellsize_factor = 0
prune_threshold = 0.05
range = 2.01122
rewire_factor = 1.1
use_k_nearest = 1
valid_segment_count_factor = 1
24 properties for each run
approximate solution BOOLEAN
best cost REAL
correct solution BOOLEAN
correct solution strict BOOLEAN
graph motions INTEGER
graph states INTEGER
iterations INTEGER
memory REAL
simplification time REAL
simplified correct solution BOOLEAN
simplified correct solution strict BOOLEAN
simplified solution clearance REAL
simplified solution length REAL
simplified solution segments INTEGER
simplified solution smoothness REAL
solution clearance REAL
solution difference REAL
solution length REAL
solution segments INTEGER
solution smoothness REAL
solved BOOLEAN
status ENUM
time REAL
valid segment fraction REAL
100 runs
0; 16.420000; 1; 1; 1264; 1265; 4926; 13.6016; 0.00158383; 1; 1; 0.128939; 14.6786; 21; 28.2871; 0.191242; 0; 16.42; 14; 11.9648; 1; 6; 0.143513; 0.164169; 
0; 13.956582; 1; 1; 3007; 3008; 12036; 13.6016; 0.00161108; 1; 1; 0.0946825; 12.7519; 20; 32.5179; 0.145825; 0; 13.9566; 14; 22.2603; 1; 6; 0.44257; 0.102436; 
0; 16.100402; 1; 1; 2424; 2425; 9858; 13.9102; 0.00207668; 1; 1; 0.0941543; 14.1185; 17; 13.2025; 0.191285; 0; 16.1004; 14; 8.47644; 1; 6; 0.340953; 0.110477; 
0; 17.460892; 1; 1; 644; 645; 2438; 13.9102; 0.000941776; 1; 1; 0.130393; 16.231; 13; 7.50526; 0.193473; 0; 17.4609; 14; 9.04667; 1; 6; 0.0541247; 0.239608; 
0; 18.108219; 1; 1; 1218; 1219; 5024; 13.9102; 0.0012233; 1; 1; 0.123958; 15.2277; 16; 8.64371; 0.238155; 0; 18.1082; 14; 8.93861; 1; 6; 0.133271; 0.166554; 
0; 16.937224; 1; 1; 1668; 1669; 6641; 13.9102; 0.00137089; 1; 1; 0.127179; 16.2279; 17; 10.858; 0.165441; 0; 16.9372; 15; 6.72658; 1; 6; 0.205989; 0.137478; 
0; 18.855829; 1; 1; 1136; 1137; 4642; 13.9102; 0.0014275; 1; 1; 0.130885; 16.09; 18; 16.113; 0.277332; 0; 18.8558; 15; 9.12412; 1; 6; 0.119177; 0.170626; 
0; 16.112597; 1; 1; 1883; 1884; 7586; 13.9102; 0.00157842; 1; 1; 0.141565; 14.2884; 15; 9.31516; 0.210786; 0; 16.1126; 16; 10.523; 1; 6; 0.251361; 0.132572; 
0; 15.865854; 1; 1; 1449; 1450; 5942; 13.9102; 0.00122241; 1; 1; 0.131214; 14.4215; 17; 33.5946; 0.219713; 0; 15.8659; 14; 10.2073; 1; 6; 0.165241; 0.176457; 
0; 16.405801; 1; 1; 533; 534; 2007; 13.9102; 0.00109005; 1; 1; 0.171929; 14.6891; 16; 10.8851; 0.245485; 0; 16.4058; 13; 8.24032; 1; 6; 0.0385856; 0.294693; 
0; 17.616662; 1; 1; 875; 876; 3251; 13.9102; 0.000929401; 1; 1; 0.124959; 15.4258; 14; 7.56477; 0.252969; 0; 17.6167; 14; 6.26476; 1; 6; 0.0826724; 0.23222; 
0; 17.585585; 1; 1; 604; 605; 2575; 13.9102; 0.00176674; 0; 0; 0.158067; 13.6922; 14; 15.3622; 0.206913; 0; 17.5856; 12; 12.4578; 1; 6; 0.0534389; 0.203655; 
0; 14.990086; 1; 1; 1865; 1866; 7614; 13.9102; 0.000852232; 1; 1; 0.121504; 13.3778; 14; 11.0245; 0.172473; 0; 14.9901; 12; 10.2341; 1; 6; 0.232102; 0.137223; 
0; 15.557414; 1; 1; 2141; 2142; 9260; 13.9102; 0.00130856; 1; 1; 0.119201; 14.047; 15; 14.1081; 0.168186; 0; 15.5574; 15; 10.3947; 1; 6; 0.292327; 0.120334; 
0; 17.341344; 1; 1; 1747; 1748; 7111; 13.9102; 0.000916349; 1; 1; 0.176308; 15.2159; 14; 7.45727; 0.238986; 0; 17.3413; 15; 9.25096; 1; 6; 0.217617; 0.139094; 
0; 13.942588; 1; 1; 2699; 2700; 10948; 13.9102; 0.000842611; 1; 1; 0.107099; 12.6361; 14; 15.6758; 0.182034; 0; 13.9426; 12; 14.8006; 1; 6; 0.38928; 0.116162; 
0; 16.207441; 1; 1; 2110; 2111; 8515; 13.9102; 0.00194576; 0; 0; 0.137822; 14.8746; 21; 59.2407; 0.155301; 0; 16.2074; 16; 15.5334; 1; 6; 0.281197; 0.125281; 
0; 15.863262; 1; 1; 1296; 1297; 5210; 13.9102; 0.0016977; 1; 1; 0.120269; 14.8687; 17; 13.9035; 0.218135; 0; 15.8633; 15; 11.4975; 1; 6; 0.152976; 0.156263; 
0; 16.571395; 1; 1; 2076; 2077; 8402; 13.9102; 0.00162031; 1; 1; 0.0835069; 14.2534; 17; 15.779; 0.171115; 0; 16.5714; 14; 24.6365; 1; 6; 0.269528; 0.123961; 
0; 15.559893; 1; 1; 2417; 2418; 9766; 13.9102; 0.00137673; 1; 1; 0.111386; 14.398; 17; 14.197; 0.201465; 0; 15.5599; 12; 7.01976; 1; 6; 0.339059; 0.11207; 
0; 15.595889; 1; 1; 2137; 2138; 8688; 13.9102; 0.000959198; 1; 1; 0.130262; 14.2375; 13; 12.4849; 0.187375; 0; 15.5959; 15; 14.3857; 1; 6; 0.289328; 0.132338; 
0; 17.230211; 1; 1; 2029; 2030; 8182; 13.9102; 0.00201923; 1; 1; 0.15514; 15.8967; 18; 12.8355; 0.201951; 0; 17.2302; 13; 7.12813; 1; 6; 0.273503; 0.11659; 
0; 18.253699; 1; 1; 1614; 1615; 6723; 13.9102; 0.00115; 1; 1; 0.144631; 16.6132; 14; 10.3856; 0.224411; 0; 18.2537; 16; 13.1623; 1; 6; 0.197976; 0.140219; 
0; 18.156533; 1; 1; 2373; 2374; 9409; 13.9102; 0.00141633; 1; 1; 0.116327; 16.0373; 15; 7.45763; 0.216678; 0; 18.1565; 15; 10.2026; 1; 6; 0.323618; 0.109733; 
0; 17.931891; 1; 1; 1102; 1103; 4200; 13.9102; 0.00100252; 1; 1; 0.143534; 16.5791; 14; 6.83332; 0.24056; 0; 17.9319; 15; 11.3695; 1; 6; 0.114764; 0.177435; 
0; 18.866459; 1; 1; 1013; 1014; 4164; 13.9102; 0.00113252; 1; 1; 0.149442; 17.9649; 15; 7.56356; 0.236495; 0; 18.8665; 15; 7.92142; 1; 6; 0.103925; 0.182582; 
0; 16.654730; 1; 1; 1965; 1966; 8213; 13.9102; 0.00141113; 1; 1; 0.129047; 13.643; 13; 10.0875; 0.199866; 0; 16.6547; 15; 30.5444; 1; 6; 0.259511; 0.136982; 
0; 15.453009; 1; 1; 1921; 1922; 7534; 13.9102; 0.000873617; 1; 1; 0.164972; 15.1522; 12; 7.5986; 0.200212; 0; 15.453; 12; 8.3079; 1; 6; 0.249303; 0.125208; 
0; 16.202462; 1; 1; 818; 819; 3183; 13.9102; 0.00103807; 1; 1; 0.158727; 14.8234; 13; 9.04423; 0.242103; 0; 16.2025; 12; 7.70574; 1; 6; 0.0739156; 0.200304; 
0; 17.809435; 1; 1; 976; 977; 3904; 13.9102; 0.00144122; 1; 1; 0.169384; 16.5798; 18; 12.8337; 0.215306; 0; 17.8094; 14; 8.91287; 1; 6; 0.0992935; 0.173982; 
0; 18.759973; 1; 1; 955; 956; 3828; 13.9102; 0.00139246; 1; 1; 0.134863; 16.7531; 16; 6.2147; 0.239173; 0; 18.76; 15; 6.54672; 1; 6; 0.0934559; 0.174656; 
0; 18.480932; 1; 1; 1041; 1042; 4402; 13.9102; 0.0012361; 1; 1; 0.134002; 15.8698; 15; 48.3952; 0.246693; 0; 18.4809; 14; 13.6579; 1; 6; 0.104426; 0.194075; 
0; 19.787048; 1; 1; 1405; 1406; 5805; 13.9102; 0.00154408; 1; 1; 0.134006; 16.3749; 16; 10.5924; 0.20176; 0; 19.787; 15; 9.36391; 1; 6; 0.165427; 0.15446; 
0; 16.275895; 1; 1; 1222; 1223; 4812; 13.9102; 0.00156746; 1; 1; 0.0766733; 14.918; 20; 14.0841; 0.184397; 0; 16.2759; 14; 7.87878; 1; 6; 0.144111; 0.169208; 
0; 14.243878; 1; 1; 1915; 1916; 7680; 13.9102; 0.000665243; 1; 1; 0.0869854; 12.3081; 12; 13.5279; 0.195677; 0; 14.2439; 12; 13.5873; 1; 6; 0.275987; 0.1328; 
0; 15.693448; 1; 1; 1827; 1828; 7053; 13.9102; 0.000822255; 1; 1; 0.111573; 13.7256; 13; 19.9273; 0.186327; 0; 15.6934; 13; 17.7448; 1; 6; 0.252556; 0.152987; 
0; 15.922849; 1; 1; 1118; 1119; 4593; 13.9102; 0.00121916; 1; 1; 0.123959; 13.4437; 17; 22.8157; 0.250743; 0; 15.9228; 13; 11.5738; 1; 6; 0.12598; 0.193068; 
0; 17.645080; 1; 1; 1060; 1061; 4417; 13.9102; 0.00173301; 1; 1; 0.143732; 15.5333; 23; 25.8937; 0.230766; 0; 17.6451; 14; 9.12313; 1; 6; 0.121071; 0.181446; 
0; 16.162741; 1; 1; 1152; 1153; 4764; 13.9102; 0.00104282; 1; 1; 0.151857; 15.1945; 14; 8.63254; 0.20448; 0; 16.1627; 12; 6.78851; 1; 6; 0.13219; 0.173969; 
0; 15.698689; 1; 1; 2353; 2354; 9469; 13.9102; 0.0011036; 1; 1; 0.123062; 14.5455; 14; 10.6341; 0.185747; 0; 15.6987; 13; 7.83872; 1; 6; 0.355891; 0.107607; 
0; 16.315196; 1; 1; 767; 768; 3084; 13.9102; 0.000763963; 1; 1; 0.155862; 15.0482; 12; 7.04692; 0.239512; 0; 16.3152; 13; 10.236; 1; 6; 0.0770114; 0.231803; 
0; 16.625093; 1; 1; 837; 838; 3654; 13.9102; 0.00125415; 1; 1; 0.174153; 14.7004; 17; 14.9104; 0.235037; 0; 16.6251; 13; 9.61849; 1; 6; 0.0887194; 0.220225; 
0; 14.555473; 1; 1; 2089; 2090; 8286; 13.9102; 0.000826769; 1; 1; 0.175666; 13.6297; 18; 17.8068; 0.249689; 0; 14.5555; 13; 12.5783; 1; 6; 0.300768; 0.138249; 
0; 17.519200; 1; 1; 719; 720; 2846; 13.9102; 0.00129805; 1; 1; 0.158227; 16.4367; 14; 7.57893; 0.238431; 0; 17.5192; 14; 6.90826; 1; 6; 0.0752785; 0.228314; 
0; 19.646454; 1; 1; 1977; 1978; 7735; 13.9102; 0.00187601; 1; 1; 0.141107; 16.047; 18; 13.786; 0.219567; 0; 19.6465; 16; 8.20984; 1; 6; 0.26386; 0.121718; 
0; 16.440458; 1; 1; 2131; 2132; 8693; 13.9102; 0.00246469; 1; 1; 0.115805; 15.4391; 24; 33.9272; 0.150902; 0; 16.4405; 17; 15.538; 1; 6; 0.285198; 0.11501; 
0; 16.230077; 1; 1; 1429; 1430; 5878; 13.9102; 0.00151664; 1; 1; 0.0913223; 14.7756; 18; 27.7037; 0.186964; 0; 16.2301; 13; 11.0003; 1; 6; 0.163276; 0.160072; 
0; 17.350212; 1; 1; 2978; 2979; 12323; 13.9102; 0.00086973; 1; 1; 0.117298; 15.9516; 14; 6.96214; 0.198928; 0; 17.3502; 14; 7.04273; 1; 6; 0.457486; 0.104268; 
0; 15.827168; 1; 1; 998; 999; 4036; 14.168; 0.0018018; 1; 1; 0.090707; 14.1001; 17; 25.1132; 0.135058; 0; 15.8272; 13; 20.7591; 1; 6; 0.102172; 0.178362; 
0; 13.988079; 1; 1; 1745; 1746; 7127; 14.168; 0.00123725; 1; 1; 0.0740825; 12.0938; 16; 32.0855; 0.212164; 0; 13.9881; 13; 12.8859; 1; 6; 0.220124; 0.127766; 
0; 15.936892; 1; 1; 1407; 1408; 5249; 14.168; 0.000565289; 1; 1; 0.17711; 15.7012; 14; 7.91187; 0.210176; 0; 15.9369; 13; 7.95692; 1; 6; 0.158928; 0.162372; 
0; 14.335826; 1; 1; 1468; 1469; 5596; 14.168; 0.000895806; 1; 1; 0.168151; 12.5196; 16; 22.4172; 0.234481; 0; 14.3358; 15; 19.9733; 1; 6; 0.170691; 0.181839; 
0; 16.552935; 1; 1; 731; 732; 3062; 14.168; 0.0011207; 1; 1; 0.142095; 16.1368; 16; 12.9522; 0.187431; 0; 16.5529; 14; 9.41131; 1; 6; 0.0638382; 0.227127; 
0; 14.720457; 1; 1; 1610; 1611; 5778; 14.168; 0.00154856; 1; 1; 0.130974; 13.5719; 19; 21.3805; 0.168041; 0; 14.7205; 12; 9.70526; 1; 6; 0.201388; 0.172104; 
0; 15.070629; 1; 1; 1413; 1414; 5464; 14.168; 0.000953332; 1; 1; 0.100925; 12.9621; 16; 42.3477; 0.24729; 0; 15.0706; 12; 19.8095; 1; 6; 0.160676; 0.174854; 
0; 15.929839; 1; 1; 1252; 1253; 5157; 14.168; 0.000892355; 1; 1; 0.154767; 14.9358; 14; 9.34322; 0.207215; 0; 15.9298; 13; 9.50199; 1; 6; 0.139449; 0.158235; 
0; 17.505851; 1; 1; 1130; 1131; 4458; 14.168; 0.00105385; 1; 1; 0.148083; 15.9448; 18; 17.3082; 0.219803; 0; 17.5059; 13; 9.61069; 1; 6; 0.116595; 0.174891; 
0; 16.806461; 1; 1; 1230; 1231; 4890; 14.168; 0.00110666; 1; 1; 0.117423; 15.5447; 14; 8.36697; 0.200196; 0; 16.8065; 12; 7.9368; 1; 6; 0.129054; 0.171019; 
0; 15.728044; 1; 1; 3028; 3029; 12389; 14.168; 0.00136244; 1; 1; 0.101673; 13.3591; 14; 22.0907; 0.236351; 0; 15.728; 14; 24.1269; 1; 6; 0.468118; 0.107323; 
0; 14.728759; 1; 1; 2109; 2110; 8648; 14.168; 0.00131233; 1; 1; 0.101193; 13.2737; 15; 23.3687; 0.180338; 0; 14.7288; 15; 66.3083; 1; 6; 0.30799; 0.127364; 
0; 16.569630; 1; 1; 839; 840; 3360; 14.168; 0.00121714; 1; 1; 0.0961001; 15.8435; 14; 7.97737; 0.15739; 0; 16.5696; 12; 5.80049; 1; 6; 0.0837985; 0.197402; 
0; 16.550631; 1; 1; 2638; 2639; 10421; 14.168; 0.00276122; 1; 1; 0.0770488; 15.2226; 16; 17.923; 0.190901; 0; 16.5506; 13; 11.552; 1; 6; 0.438215; 0.108281; 
0; 17.613128; 1; 1; 606; 607; 2293; 14.1719; 0.00147727; 1; 1; 0.162686; 15.7065; 17; 14.3603; 0.256642; 0; 17.6131; 14; 10.4071; 1; 6; 0.0543432; 0.265509; 
0; 18.811441; 1; 1; 1248; 1249; 5000; 14.1719; 0.00143143; 1; 1; 0.114028; 16.7636; 12; 6.48299; 0.245171; 0; 18.8114; 14; 8.17475; 1; 6; 0.150432; 0.178047; 
0; 15.906102; 1; 1; 1325; 1326; 5409; 14.1719; 0.00145775; 1; 1; 0.165585; 14.6833; 16; 14.1077; 0.217519; 0; 15.9061; 13; 8.855; 1; 6; 0.166143; 0.144924; 
0; 15.489921; 1; 1; 1499; 1500; 5608; 14.1719; 0.00185839; 1; 1; 0.124736; 13.9996; 14; 9.0276; 0.207191; 0; 15.4899; 14; 24.0319; 1; 6; 0.196818; 0.160036; 
0; 16.666532; 1; 1; 1495; 1496; 6203; 14.1719; 0.00121403; 1; 1; 0.154162; 15.6149; 14; 7.86265; 0.19372; 0; 16.6665; 12; 5.76197; 1; 6; 0.195382; 0.161989; 
0; 15.733592; 1; 1; 861; 862; 3540; 14.1719; 0.00157561; 1; 1; 0.0893995; 13.5315; 20; 16.2274; 0.196956; 0; 15.7336; 13; 26.9112; 1; 6; 0.0917002; 0.220442; 
0; 17.526894; 1; 1; 225; 226; 845; 14.1719; 0.00241097; 1; 1; 0.151041; 15.3997; 20; 31.291; 0.222222; 0; 17.5269; 14; 10.3291; 1; 6; 0.0126332; 0.340206; 
0; 17.961137; 1; 1; 421; 422; 1674; 14.1719; 0.00177795; 1; 1; 0.168564; 15.7174; 21; 27.4724; 0.302329; 0; 17.9611; 15; 12.7641; 1; 6; 0.0310944; 0.254296; 
0; 18.835575; 1; 1; 1081; 1082; 4500; 14.1719; 0.00173861; 1; 1; 0.142194; 17.143; 16; 11.0283; 0.220181; 0; 18.8356; 15; 12.1937; 1; 6; 0.124467; 0.194852; 
0; 16.496119; 1; 1; 1889; 1890; 7418; 14.1719; 0.00135339; 1; 1; 0.16091; 15.7837; 19; 22.9249; 0.216157; 0; 16.4961; 15; 14.6527; 1; 6; 0.248046; 0.128734; 
0; 16.023805; 1; 1; 2715; 2716; 11026; 14.1719; 0.00354719; 1; 1; 0.0920941; 15.0979; 16; 8.06032; 0.168512; 0; 16.0238; 15; 7.77796; 1; 6; 0.399246; 0.123549; 
0; 15.753907; 1; 1; 1081; 1082; 4126; 14.1719; 0.000898777; 1; 1; 0.145093; 15.0564; 14; 13.8032; 0.206878; 0; 15.7539; 13; 7.74118; 1; 6; 0.111517; 0.188267; 
0; 15.698076; 1; 1; 1980; 1981; 8169; 14.1719; 0.00205652; 1; 1; 0.138758; 14.6614; 17; 15.1431; 0.226974; 0; 15.6981; 14; 9.68534; 1; 6; 0.272271; 0.126821; 
0; 14.874472; 1; 1; 2240; 2241; 9286; 14.1719; 0.000912969; 1; 1; 0.136229; 12.7113; 15; 23.6226; 0.2028; 0; 14.8745; 14; 16.2232; 1; 6; 0.332583; 0.126085; 
0; 15.199365; 1; 1; 2009; 2010; 8124; 14.1719; 0.000912296; 1; 1; 0.125698; 12.6613; 17; 47.2967; 0.237868; 0; 15.1994; 14; 25.401; 1; 6; 0.285955; 0.130501; 
0; 19.040402; 1; 1; 885; 886; 3717; 14.1719; 0.00182646; 1; 1; 0.0963185; 17.1978; 16; 7.37983; 0.203821; 0; 19.0404; 17; 8.87812; 1; 6; 0.0971231; 0.197448; 
0; 15.728826; 1; 1; 1938; 1939; 7943; 14.1719; 0.00119625; 1; 1; 0.159159; 14.8556; 17; 20.1809; 0.176809; 0; 15.7288; 15; 13.3744; 1; 6; 0.26881; 0.123733; 
0; 16.757871; 1; 1; 856; 857; 3695; 14.1719; 0.000779497; 1; 1; 0.161713; 16.2525; 14; 6.30701; 0.2282; 0; 16.7579; 13; 7.39322; 1; 6; 0.0845121; 0.208058; 
0; 16.233474; 1; 1; 1870; 1871; 7334; 14.1719; 0.00125031; 1; 1; 0.114976; 14.317; 17; 12.0296; 0.175075; 0; 16.2335; 15; 18.5053; 1; 6; 0.262738; 0.129803; 
0; 18.260595; 1; 1; 2310; 2311; 9508; 14.1719; 0.00184244; 1; 1; 0.139318; 16.1648; 17; 19.3569; 0.182828; 0; 18.2606; 15; 7.89071; 1; 6; 0.340604; 0.107632; 
0; 16.793630; 1; 1; 1112; 1113; 4583; 14.1719; 0.00206084; 1; 1; 0.10146; 14.7684; 16; 31.8605; 0.196551; 0; 16.7936; 15; 13.6227; 1; 6; 0.124962; 0.176822; 
0; 19.571334; 1; 1; 1213; 1214; 5002; 14.1719; 0.00153162; 1; 1; 0.133125; 15.6002; 16; 13.2432; 0.227903; 0; 19.5713; 15; 8.12698; 1; 6; 0.152178; 0.178397; 
0; 18.451148; 1; 1; 894; 895; 3832; 14.1719; 0.00251825; 1; 1; 0.129976; 16.0825; 17; 16.2702; 0.222297; 0; 18.4511; 16; 15.8064; 1; 6; 0.0961882; 0.207101; 
0; 20.153972; 1; 1; 373; 374; 1586; 14.1719; 0.00136176; 1; 1; 0.202563; 17.6287; 15; 6.92162; 0.300443; 0; 20.154; 15; 8.8925; 1; 6; 0.0266272; 0.301006; 
0; 16.840147; 1; 1; 1522; 1523; 6262; 14.1719; 0.00147422; 1; 1; 0.107189; 15.6258; 16; 9.4258; 0.181401; 0; 16.8401; 15; 11.4685; 1; 6; 0.192818; 0.137384; 
0; 15.877688; 1; 1; 1493; 1494; 5647; 14.1719; 0.00105128; 1; 1; 0.100117; 14.9385; 14; 14.7027; 0.169275; 0; 15.8777; 14; 9.87139; 1; 6; 0.19379; 0.154021; 
0; 17.775505; 1; 1; 517; 518; 1890; 14.1719; 0.00126735; 1; 1; 0.149938; 16.2096; 13; 7.71395; 0.215756; 0; 17.7755; 13; 7.81464; 1; 6; 0.0414408; 0.268206; 
0; 16.120189; 1; 1; 1279; 1280; 5292; 14.1719; 0.00195184; 1; 1; 0.115552; 14.7232; 17; 15.6879; 0.205496; 0; 16.1202; 12; 6.4859; 1; 6; 0.161551; 0.171785; 
0; 15.239067; 1; 1; 1957; 1958; 8037; 14.1719; 0.00210794; 1; 1; 0.148524; 13.9678; 14; 10.4424; 0.214984; 0; 15.2391; 14; 11.0214; 1; 6; 0.285148; 0.141243; 
0; 17.321719; 1; 1; 827; 828; 3470; 14.1719; 0.0013488; 1; 1; 0.132178; 14.1512; 16; 10.6119; 0.270358; 0; 17.3217; 15; 9.75814; 1; 6; 0.0844107; 0.217147; 
0; 17.067516; 1; 1; 1455; 1456; 5983; 14.1719; 0.00232985; 1; 1; 0.123691; 15.3433; 17; 10.3612; 0.261894; 0; 17.0675; 14; 8.04704; 1; 6; 0.184511; 0.1572; 
0; 16.885780; 1; 1; 1505; 1506; 5977; 14.1719; 0.00155565; 1; 1; 0.110733; 15.4273; 16; 13.2689; 0.157919; 0; 16.8858; 14; 7.7681; 1; 6; 0.191387; 0.153753; 
0; 14.449980; 1; 1; 3466; 3467; 14234; 14.1719; 0.00102822; 1; 1; 0.0836875; 13.0127; 14; 9.62628; 0.176855; 0; 14.45; 12; 7.26761; 1; 6; 0.59221; 0.0972704; 
0; 13.608017; 1; 1; 1574; 1575; 6593; 14.6875; 0.00111447; 1; 1; 0.130707; 12.6275; 14; 13.0967; 0.198068; 0; 13.608; 11; 9.08982; 1; 6; 0.206388; 0.168714; 
0; 16.807996; 1; 1; 474; 475; 1933; 14.6875; 0.00106761; 1; 1; 0.15549; 15.5569; 14; 9.46314; 0.250194; 0; 16.808; 13; 7.85301; 1; 6; 0.0368442; 0.240062; 
0; 16.143240; 1; 1; 1403; 1404; 5527; 14.6875; 0.000785981; 1; 1; 0.143697; 14.6334; 15; 15.6465; 0.23238; 0; 16.1432; 15; 10.7681; 1; 6; 0.174066; 0.155679; 
0; 17.135315; 1; 1; 1251; 1252; 5111; 14.6875; 0.00135549; 1; 1; 0.124793; 15.3687; 18; 14.2216; 0.235959; 0; 17.1353; 15; 9.09787; 1; 6; 0.160614; 0.1653; 
0; 17.545746; 1; 1; 1084; 1085; 4302; 14.6875; 0.00132909; 1; 1; 0.115267; 16.3203; 15; 14.4782; 0.203317; 0; 17.5457; 13; 6.18307; 1; 6; 0.123634; 0.175717; 
3 progress properties for each run
best cost REAL
iterations INTEGER
time REAL
100 runs
inf,2546,0.050454,;inf,4068,0.101273,;
inf,2791,0.0502236,;inf,4407,0.100975,;inf,5844,0.151762,;inf,7147,0.202498,;inf,8405,0.253325,;inf,9482,0.304071,;inf,10603,0.354808,;inf,11717,0.405558,;
inf,2912,0.0508024,;inf,4437,0.101566,;inf,5751,0.152307,;inf,7056,0.203064,;inf,8225,0.253868,;inf,9479,0.304113,;

inf,2792,0.050296,;inf,4306,0.100701,;
inf,2684,0.0507311,;inf,4312,0.101106,;inf,5681,0.151867,;
inf,2781,0.0507735,;inf,4431,0.10155,;
inf,2681,0.0503413,;inf,4163,0.101204,;inf,5604,0.151322,;inf,6976,0.202086,;
inf,2914,0.0506905,;inf,4655,0.101469,;inf,5806,0.152198,;

inf,2591,0.0502598,;

inf,2751,0.0508737,;inf,4507,0.101311,;inf,5913,0.151738,;inf,7143,0.202596,;
inf,3086,0.0506969,;inf,4779,0.101376,;inf,6095,0.152094,;inf,7398,0.202966,;inf,8713,0.253799,;
inf,2848,0.0508209,;inf,4494,0.101575,;inf,5842,0.152309,;inf,6976,0.203175,;
inf,2804,0.0506029,;inf,4473,0.10086,;inf,5843,0.151329,;inf,7147,0.202052,;inf,8360,0.252808,;inf,9495,0.303558,;inf,10550,0.354307,;
inf,2717,0.0502239,;inf,4268,0.10099,;inf,5643,0.151722,;inf,6843,0.202472,;inf,7997,0.253274,;
inf,2774,0.0507905,;inf,4237,0.101544,;
inf,2725,0.0502689,;inf,4467,0.10107,;inf,5804,0.151846,;inf,7069,0.202152,;inf,8218,0.25244,;
inf,2754,0.0507503,;inf,4373,0.10162,;inf,5671,0.151987,;inf,7072,0.202729,;inf,8264,0.253508,;inf,9360,0.303658,;
inf,2832,0.0502189,;inf,4371,0.10039,;inf,5762,0.150749,;inf,6895,0.2015,;inf,8181,0.252351,;
inf,2504,0.0501075,;inf,4081,0.100913,;inf,5536,0.151643,;inf,6809,0.202394,;inf,7944,0.253145,;
inf,2879,0.050733,;inf,4445,0.101435,;inf,5825,0.152186,;
inf,2736,0.0503239,;inf,4473,0.101156,;inf,5851,0.151519,;inf,7174,0.202296,;inf,8307,0.253017,;inf,9241,0.303766,;
inf,2684,0.0507256,;inf,3996,0.101571,;
inf,2869,0.0507873,;
inf,2779,0.0501781,;inf,4309,0.100934,;inf,5639,0.151364,;inf,6979,0.202114,;inf,8192,0.252884,;
inf,2698,0.0503277,;inf,4163,0.101036,;inf,5631,0.151799,;inf,6924,0.202563,;
inf,2811,0.0504437,;
inf,2729,0.0503754,;
inf,2776,0.0502954,;
inf,2923,0.0507886,;
inf,2938,0.0507311,;inf,4362,0.101478,;inf,5677,0.152226,;
inf,2682,0.050121,;inf,4050,0.101036,;
inf,2901,0.0507271,;inf,4256,0.101039,;inf,5491,0.151798,;inf,6651,0.202593,;inf,7473,0.253348,;
inf,2458,0.0501613,;inf,3946,0.101041,;inf,5191,0.151791,;inf,6416,0.202539,;
inf,2648,0.0502101,;inf,4130,0.100614,;
inf,2629,0.0507153,;inf,4236,0.101112,;
inf,2719,0.0502765,;inf,4297,0.10065,;
inf,2664,0.050199,;inf,4277,0.10093,;inf,5521,0.151806,;inf,6682,0.202237,;inf,7816,0.252997,;inf,8896,0.303752,;
inf,2519,0.0501394,;
inf,2681,0.0501668,;
inf,2732,0.0502307,;inf,4175,0.101049,;inf,5423,0.151889,;inf,6644,0.202501,;inf,7731,0.253367,;
inf,2425,0.0505665,;
inf,2498,0.0501433,;inf,3957,0.100992,;inf,5375,0.15171,;inf,6668,0.202464,;inf,7661,0.253235,;
inf,2920,0.0508007,;inf,4499,0.101226,;inf,6063,0.151601,;inf,7226,0.202356,;inf,8275,0.25316,;
inf,2827,0.0507875,;inf,4482,0.101096,;inf,5779,0.151908,;
inf,2798,0.0503993,;inf,4464,0.101176,;inf,5796,0.151504,;inf,7044,0.202306,;inf,8157,0.252715,;inf,9326,0.303724,;inf,10318,0.354446,;inf,11523,0.404832,;
inf,2759,0.0506918,;
inf,2866,0.0507823,;inf,4437,0.1015,;inf,5893,0.152246,;inf,6959,0.202686,;
inf,2781,0.0507621,;inf,4282,0.101078,;inf,5206,0.151854,;
inf,2628,0.0507875,;inf,4181,0.101684,;inf,5386,0.152457,;
inf,2909,0.0508258,;
inf,2257,0.0502516,;inf,3757,0.100709,;inf,5082,0.151432,;
inf,2817,0.0507503,;inf,4367,0.101519,;inf,5416,0.152056,;
inf,2982,0.05074,;inf,4439,0.10157,;
inf,2812,0.0509288,;inf,4283,0.101682,;
inf,2878,0.0502231,;inf,4437,0.100972,;
inf,2896,0.0507073,;inf,4551,0.101434,;inf,5925,0.152205,;inf,7171,0.203119,;inf,8369,0.253869,;inf,9357,0.303908,;inf,10501,0.354795,;inf,11391,0.405566,;inf,12332,0.456294,;
inf,2538,0.0508514,;inf,4096,0.101617,;inf,5465,0.152432,;inf,6544,0.202738,;inf,7673,0.253637,;
inf,2659,0.0502845,;
inf,2505,0.0503058,;inf,3894,0.101033,;inf,5142,0.151348,;inf,6329,0.201611,;inf,7360,0.252484,;inf,8220,0.30323,;inf,9203,0.353977,;inf,10011,0.40474,;
17.613128,2293,0.0507338,;
inf,2606,0.0507306,;inf,3977,0.10151,;
inf,2519,0.0505048,;inf,4037,0.101252,;inf,5280,0.152094,;
inf,2565,0.0507473,;inf,3973,0.101178,;inf,5108,0.151925,;
inf,2760,0.050715,;inf,4128,0.100847,;inf,5477,0.151592,;
inf,2700,0.0507153,;


inf,2608,0.0507933,;inf,4185,0.10167,;
inf,2391,0.0502604,;inf,3961,0.100395,;inf,5426,0.151144,;inf,6691,0.201279,;
inf,2822,0.0506651,;inf,4299,0.101524,;inf,5568,0.152333,;inf,6728,0.202568,;inf,7904,0.253421,;inf,9082,0.303924,;inf,10218,0.354314,;
inf,2607,0.0502965,;inf,4040,0.101045,;
inf,2973,0.0501908,;inf,4469,0.100961,;inf,5738,0.151696,;inf,7036,0.202708,;inf,7999,0.253532,;
inf,2711,0.0502321,;inf,4119,0.100378,;inf,5411,0.150506,;inf,6585,0.201244,;inf,7752,0.25169,;inf,8908,0.302435,;
inf,2757,0.0503479,;inf,4357,0.101095,;inf,5597,0.151527,;inf,6728,0.20195,;inf,7808,0.252767,;
inf,2673,0.0504059,;
inf,2746,0.0502323,;inf,4334,0.10026,;inf,5558,0.150699,;inf,6718,0.201461,;inf,7802,0.25222,;
inf,3007,0.0507255,;
inf,2599,0.0507524,;inf,4100,0.101553,;inf,5406,0.152362,;inf,6419,0.203116,;inf,7285,0.253549,;
inf,2728,0.0507687,;inf,4295,0.101173,;inf,5653,0.151528,;inf,6840,0.201883,;inf,7951,0.252634,;inf,8941,0.303,;
inf,2618,0.0502247,;inf,4136,0.100979,;
inf,2427,0.0505547,;inf,3854,0.100668,;
inf,2664,0.0503334,;

inf,2712,0.0501178,;inf,4185,0.100874,;inf,5489,0.151621,;
inf,2558,0.0502662,;inf,4026,0.101027,;inf,5164,0.15178,;

inf,2628,0.0502712,;inf,4039,0.100732,;inf,5229,0.151492,;
inf,2753,0.0507553,;inf,4290,0.101506,;inf,5558,0.152401,;inf,6725,0.202854,;inf,7717,0.253606,;
inf,2724,0.0504883,;
inf,2856,0.0507243,;inf,4176,0.101086,;inf,5455,0.151622,;
inf,2687,0.0502426,;inf,4160,0.100993,;inf,5420,0.151744,;
inf,2737,0.0507249,;inf,4231,0.101474,;inf,5618,0.152309,;inf,6812,0.203057,;inf,7921,0.253816,;inf,8953,0.30463,;inf,10061,0.355377,;inf,11090,0.406177,;inf,12021,0.456938,;inf,13032,0.507773,;inf,13962,0.558485,;
inf,2507,0.0502546,;inf,4076,0.10098,;inf,5504,0.151853,;13.608017,6593,0.201885,;

inf,2750,0.0507197,;inf,4187,0.101474,;inf,5256,0.151884,;
inf,2357,0.0504173,;inf,3859,0.101165,;inf,5052,0.15152,;
inf,2611,0.0507204,;inf,3971,0.101474,;
.
